[ 2015-10-19T21:54:13+08:00 ] 127.0.0.1 /xuantiCms/admin.php/admin/admin
INFO: [ app_init ] --START--
INFO: Run Behavior\BuildLiteBehavior [ RunTime:0.000000s ]
INFO: [ app_init ] --END-- [ RunTime:0.032002s ]
INFO: [ app_begin ] --START--
INFO: Run Behavior\ReadHtmlCacheBehavior [ RunTime:0.032001s ]
INFO: [ app_begin ] --END-- [ RunTime:0.033001s ]
INFO: [ view_parse ] --START--
INFO: [ template_filter ] --START--
INFO: Run Behavior\ContentReplaceBehavior [ RunTime:0.000000s ]
INFO: [ template_filter ] --END-- [ RunTime:0.000000s ]
INFO: Run Behavior\ParseTemplateBehavior [ RunTime:0.089005s ]
INFO: [ view_parse ] --END-- [ RunTime:0.090005s ]
INFO: [ view_filter ] --START--
INFO: Run Behavior\WriteHtmlCacheBehavior [ RunTime:0.016001s ]
INFO: [ view_filter ] --END-- [ RunTime:0.016001s ]
INFO: [ app_end ] --START--
INFO: Run Behavior\ShowPageTraceBehavior [ RunTime:0.016000s ]
INFO: [ app_end ] --END-- [ RunTime:0.016000s ]

[ 2015-10-19T21:54:15+08:00 ] 127.0.0.1 /xuantiCms/admin.php/admin/top.html
INFO: [ app_init ] --START--
INFO: Run Behavior\BuildLiteBehavior [ RunTime:0.000000s ]
INFO: [ app_init ] --END-- [ RunTime:0.002000s ]
INFO: [ app_begin ] --START--
INFO: Run Behavior\ReadHtmlCacheBehavior [ RunTime:0.002001s ]
INFO: [ app_begin ] --END-- [ RunTime:0.002001s ]
INFO: [ view_parse ] --START--
INFO: [ template_filter ] --START--
INFO: Run Behavior\ContentReplaceBehavior [ RunTime:0.000000s ]
INFO: [ template_filter ] --END-- [ RunTime:0.001000s ]
INFO: Run Behavior\ParseTemplateBehavior [ RunTime:0.112006s ]
INFO: [ view_parse ] --END-- [ RunTime:0.112006s ]
INFO: [ view_filter ] --START--
INFO: Run Behavior\WriteHtmlCacheBehavior [ RunTime:0.001000s ]
INFO: [ view_filter ] --END-- [ RunTime:0.001000s ]
INFO: [ app_end ] --START--
INFO: Run Behavior\ShowPageTraceBehavior [ RunTime:0.002000s ]
INFO: [ app_end ] --END-- [ RunTime:0.003000s ]

[ 2015-10-19T21:54:16+08:00 ] 127.0.0.1 /xuantiCms/admin.php/admin/left.html
INFO: [ app_init ] --START--
INFO: Run Behavior\BuildLiteBehavior [ RunTime:0.000000s ]
INFO: [ app_init ] --END-- [ RunTime:0.002001s ]
INFO: [ app_begin ] --START--
INFO: Run Behavior\ReadHtmlCacheBehavior [ RunTime:0.003000s ]
INFO: [ app_begin ] --END-- [ RunTime:0.003000s ]
INFO: [ view_parse ] --START--
INFO: [ template_filter ] --START--
INFO: Run Behavior\ContentReplaceBehavior [ RunTime:0.000000s ]
INFO: [ template_filter ] --END-- [ RunTime:0.001000s ]
INFO: Run Behavior\ParseTemplateBehavior [ RunTime:0.033002s ]
INFO: [ view_parse ] --END-- [ RunTime:0.034002s ]
INFO: [ view_filter ] --START--
INFO: Run Behavior\WriteHtmlCacheBehavior [ RunTime:0.002000s ]
INFO: [ view_filter ] --END-- [ RunTime:0.003001s ]
INFO: [ app_end ] --START--
INFO: Run Behavior\ShowPageTraceBehavior [ RunTime:0.002000s ]
INFO: [ app_end ] --END-- [ RunTime:0.003000s ]

[ 2015-10-19T21:54:16+08:00 ] 127.0.0.1 /xuantiCms/admin.php/admin/main.html
INFO: [ app_init ] --START--
INFO: Run Behavior\BuildLiteBehavior [ RunTime:0.000000s ]
INFO: [ app_init ] --END-- [ RunTime:0.002001s ]
INFO: [ app_begin ] --START--
INFO: Run Behavior\ReadHtmlCacheBehavior [ RunTime:0.003000s ]
INFO: [ app_begin ] --END-- [ RunTime:0.003000s ]
INFO: [ view_parse ] --START--
INFO: [ template_filter ] --START--
INFO: Run Behavior\ContentReplaceBehavior [ RunTime:0.000000s ]
INFO: [ template_filter ] --END-- [ RunTime:0.001000s ]
INFO: Run Behavior\ParseTemplateBehavior [ RunTime:0.269015s ]
INFO: [ view_parse ] --END-- [ RunTime:0.269015s ]
INFO: [ view_filter ] --START--
INFO: Run Behavior\WriteHtmlCacheBehavior [ RunTime:0.002000s ]
INFO: [ view_filter ] --END-- [ RunTime:0.003000s ]
INFO: [ app_end ] --START--
INFO: Run Behavior\ShowPageTraceBehavior [ RunTime:0.003000s ]
INFO: [ app_end ] --END-- [ RunTime:0.003000s ]

[ 2015-10-19T21:54:25+08:00 ] 127.0.0.1 /xuantiCms/student/addUI
INFO: [ app_init ] --START--
INFO: Run Behavior\BuildLiteBehavior [ RunTime:0.000000s ]
INFO: [ app_init ] --END-- [ RunTime:0.001000s ]
INFO: [ app_begin ] --START--
INFO: Run Behavior\ReadHtmlCacheBehavior [ RunTime:0.002001s ]
INFO: [ app_begin ] --END-- [ RunTime:0.002001s ]
SQL: SHOW COLUMNS FROM `class` [ RunTime:0.3230s ]
SQL: SELECT * FROM `class`  [ RunTime:0.1110s ]
INFO: [ view_parse ] --START--
INFO: [ template_filter ] --START--
INFO: Run Behavior\ContentReplaceBehavior [ RunTime:0.001000s ]
INFO: [ template_filter ] --END-- [ RunTime:0.001000s ]
INFO: Run Behavior\ParseTemplateBehavior [ RunTime:0.148008s ]
INFO: [ view_parse ] --END-- [ RunTime:0.148008s ]
INFO: [ view_filter ] --START--
INFO: Run Behavior\WriteHtmlCacheBehavior [ RunTime:0.001000s ]
INFO: [ view_filter ] --END-- [ RunTime:0.002001s ]
INFO: [ app_end ] --START--
INFO: Run Behavior\ShowPageTraceBehavior [ RunTime:0.002000s ]
INFO: [ app_end ] --END-- [ RunTime:0.002000s ]

[ 2015-10-19T21:54:26+08:00 ] 127.0.0.1 /xuantiCms/student/index
INFO: [ app_init ] --START--
INFO: Run Behavior\BuildLiteBehavior [ RunTime:0.000000s ]
INFO: [ app_init ] --END-- [ RunTime:0.002000s ]
INFO: [ app_begin ] --START--
INFO: Run Behavior\ReadHtmlCacheBehavior [ RunTime:0.002000s ]
INFO: [ app_begin ] --END-- [ RunTime:0.002000s ]
SQL: SHOW COLUMNS FROM `student` [ RunTime:0.2650s ]
NOTIC: [8] Undefined index: id E:\wamp\www\xuantiCms\Application\admin\Controller\StudentController.class.php 第 10 行.
SQL: SELECT * FROM `student`  [ RunTime:0.0220s ]
INFO: [ view_parse ] --START--
INFO: [ template_filter ] --START--
INFO: Run Behavior\ContentReplaceBehavior [ RunTime:0.000000s ]
INFO: [ template_filter ] --END-- [ RunTime:0.001000s ]
INFO: Run Behavior\ParseTemplateBehavior [ RunTime:0.041002s ]
INFO: [ view_parse ] --END-- [ RunTime:0.041002s ]
INFO: [ view_filter ] --START--
INFO: Run Behavior\WriteHtmlCacheBehavior [ RunTime:0.002000s ]
INFO: [ view_filter ] --END-- [ RunTime:0.002000s ]
INFO: [ app_end ] --START--
INFO: Run Behavior\ShowPageTraceBehavior [ RunTime:0.002001s ]
INFO: [ app_end ] --END-- [ RunTime:0.002001s ]

[ 2015-10-19T21:54:30+08:00 ] 127.0.0.1 /xuantiCms/student/editUI/id/1
INFO: [ app_init ] --START--
INFO: Run Behavior\BuildLiteBehavior [ RunTime:0.000000s ]
INFO: [ app_init ] --END-- [ RunTime:0.001000s ]
INFO: [ app_begin ] --START--
INFO: Run Behavior\ReadHtmlCacheBehavior [ RunTime:0.002000s ]
INFO: [ app_begin ] --END-- [ RunTime:0.002000s ]
SQL: SHOW COLUMNS FROM `class` [ RunTime:0.0060s ]
SQL: SHOW COLUMNS FROM `student` [ RunTime:0.0070s ]
SQL: SELECT * FROM `class`  [ RunTime:0.0010s ]
SQL: SELECT * FROM `student` WHERE ( id=1 )  [ RunTime:0.0350s ]
INFO: [ view_parse ] --START--
INFO: [ template_filter ] --START--
INFO: Run Behavior\ContentReplaceBehavior [ RunTime:0.000000s ]
INFO: [ template_filter ] --END-- [ RunTime:0.001000s ]
NOTIC: [2] Illegal string offset 'id' E:\wamp\www\xuantiCms\Application\Runtime\Cache\admin\5de600c77668d6dae9c84b7ef002da48.php 第 39 行.
NOTIC: [2] Illegal string offset 'studentnumber' E:\wamp\www\xuantiCms\Application\Runtime\Cache\admin\5de600c77668d6dae9c84b7ef002da48.php 第 43 行.
NOTIC: [2] Illegal string offset 'name' E:\wamp\www\xuantiCms\Application\Runtime\Cache\admin\5de600c77668d6dae9c84b7ef002da48.php 第 45 行.
NOTIC: [2] Illegal string offset 'password' E:\wamp\www\xuantiCms\Application\Runtime\Cache\admin\5de600c77668d6dae9c84b7ef002da48.php 第 58 行.
NOTIC: [8] Use of undefined constant sex - assumed 'sex' E:\wamp\www\xuantiCms\Application\Runtime\Cache\admin\5de600c77668d6dae9c84b7ef002da48.php 第 61 行.
NOTIC: [8] Use of undefined constant sex - assumed 'sex' E:\wamp\www\xuantiCms\Application\Runtime\Cache\admin\5de600c77668d6dae9c84b7ef002da48.php 第 62 行.
NOTIC: [2] Illegal string offset 'tel' E:\wamp\www\xuantiCms\Application\Runtime\Cache\admin\5de600c77668d6dae9c84b7ef002da48.php 第 66 行.
INFO: Run Behavior\ParseTemplateBehavior [ RunTime:0.039002s ]
INFO: [ view_parse ] --END-- [ RunTime:0.041002s ]
INFO: [ view_filter ] --START--
INFO: Run Behavior\WriteHtmlCacheBehavior [ RunTime:0.002000s ]
INFO: [ view_filter ] --END-- [ RunTime:0.002000s ]
INFO: [ app_end ] --START--
INFO: Run Behavior\ShowPageTraceBehavior [ RunTime:0.002000s ]
INFO: [ app_end ] --END-- [ RunTime:0.002000s ]

[ 2015-10-19T21:56:56+08:00 ] 127.0.0.1 /xuantiCms/student/index
INFO: [ app_init ] --START--
INFO: Run Behavior\BuildLiteBehavior [ RunTime:0.000000s ]
INFO: [ app_init ] --END-- [ RunTime:0.002000s ]
INFO: [ app_begin ] --START--
INFO: Run Behavior\ReadHtmlCacheBehavior [ RunTime:0.003000s ]
INFO: [ app_begin ] --END-- [ RunTime:0.003000s ]
SQL: SHOW COLUMNS FROM `student` [ RunTime:0.0060s ]
NOTIC: [8] Undefined index: id E:\wamp\www\xuantiCms\Application\admin\Controller\StudentController.class.php 第 10 行.
SQL: SELECT * FROM `student`  [ RunTime:0.0010s ]
INFO: [ view_parse ] --START--
INFO: [ template_filter ] --START--
INFO: Run Behavior\ContentReplaceBehavior [ RunTime:0.000000s ]
INFO: [ template_filter ] --END-- [ RunTime:0.000000s ]
INFO: Run Behavior\ParseTemplateBehavior [ RunTime:0.026001s ]
INFO: [ view_parse ] --END-- [ RunTime:0.027001s ]
INFO: [ view_filter ] --START--
INFO: Run Behavior\WriteHtmlCacheBehavior [ RunTime:0.002000s ]
INFO: [ view_filter ] --END-- [ RunTime:0.002000s ]
INFO: [ app_end ] --START--
INFO: Run Behavior\ShowPageTraceBehavior [ RunTime:0.002000s ]
INFO: [ app_end ] --END-- [ RunTime:0.003001s ]

[ 2015-10-19T21:56:59+08:00 ] 127.0.0.1 /xuantiCms/student/editUI/id/1
INFO: [ app_init ] --START--
INFO: Run Behavior\BuildLiteBehavior [ RunTime:0.000000s ]
INFO: [ app_init ] --END-- [ RunTime:0.002000s ]
INFO: [ app_begin ] --START--
INFO: Run Behavior\ReadHtmlCacheBehavior [ RunTime:0.002000s ]
INFO: [ app_begin ] --END-- [ RunTime:0.002000s ]
SQL: SHOW COLUMNS FROM `class` [ RunTime:0.0060s ]
SQL: SHOW COLUMNS FROM `student` [ RunTime:0.0080s ]
SQL: SELECT * FROM `class`  [ RunTime:0.0010s ]
SQL: SELECT * FROM `student` WHERE ( id=1 )  [ RunTime:0.0000s ]
INFO: [ view_parse ] --START--
INFO: [ template_filter ] --START--
INFO: Run Behavior\ContentReplaceBehavior [ RunTime:0.000000s ]
INFO: [ template_filter ] --END-- [ RunTime:0.001000s ]
NOTIC: [2] Illegal string offset 'id' E:\wamp\www\xuantiCms\Application\Runtime\Cache\admin\5de600c77668d6dae9c84b7ef002da48.php 第 39 行.
NOTIC: [2] Illegal string offset 'studentnumber' E:\wamp\www\xuantiCms\Application\Runtime\Cache\admin\5de600c77668d6dae9c84b7ef002da48.php 第 43 行.
NOTIC: [2] Illegal string offset 'name' E:\wamp\www\xuantiCms\Application\Runtime\Cache\admin\5de600c77668d6dae9c84b7ef002da48.php 第 45 行.
NOTIC: [2] Illegal string offset 'password' E:\wamp\www\xuantiCms\Application\Runtime\Cache\admin\5de600c77668d6dae9c84b7ef002da48.php 第 58 行.
NOTIC: [8] Use of undefined constant sex - assumed 'sex' E:\wamp\www\xuantiCms\Application\Runtime\Cache\admin\5de600c77668d6dae9c84b7ef002da48.php 第 61 行.
NOTIC: [8] Use of undefined constant sex - assumed 'sex' E:\wamp\www\xuantiCms\Application\Runtime\Cache\admin\5de600c77668d6dae9c84b7ef002da48.php 第 62 行.
NOTIC: [2] Illegal string offset 'tel' E:\wamp\www\xuantiCms\Application\Runtime\Cache\admin\5de600c77668d6dae9c84b7ef002da48.php 第 66 行.
INFO: Run Behavior\ParseTemplateBehavior [ RunTime:0.025002s ]
INFO: [ view_parse ] --END-- [ RunTime:0.025002s ]
INFO: [ view_filter ] --START--
INFO: Run Behavior\WriteHtmlCacheBehavior [ RunTime:0.002000s ]
INFO: [ view_filter ] --END-- [ RunTime:0.002000s ]
INFO: [ app_end ] --START--
INFO: Run Behavior\ShowPageTraceBehavior [ RunTime:0.002000s ]
INFO: [ app_end ] --END-- [ RunTime:0.002000s ]

[ 2015-10-19T21:57:20+08:00 ] 127.0.0.1 /xuantiCms/student/index
INFO: [ app_init ] --START--
INFO: Run Behavior\BuildLiteBehavior [ RunTime:0.000000s ]
INFO: [ app_init ] --END-- [ RunTime:0.001000s ]
INFO: [ app_begin ] --START--
INFO: Run Behavior\ReadHtmlCacheBehavior [ RunTime:0.002000s ]
INFO: [ app_begin ] --END-- [ RunTime:0.002000s ]
SQL: SHOW COLUMNS FROM `student` [ RunTime:0.0060s ]
NOTIC: [8] Undefined index: id E:\wamp\www\xuantiCms\Application\admin\Controller\StudentController.class.php 第 10 行.
SQL: SELECT * FROM `student`  [ RunTime:0.0010s ]
INFO: [ view_parse ] --START--
INFO: [ template_filter ] --START--
INFO: Run Behavior\ContentReplaceBehavior [ RunTime:0.000000s ]
INFO: [ template_filter ] --END-- [ RunTime:0.000000s ]
INFO: Run Behavior\ParseTemplateBehavior [ RunTime:0.022002s ]
INFO: [ view_parse ] --END-- [ RunTime:0.022002s ]
INFO: [ view_filter ] --START--
INFO: Run Behavior\WriteHtmlCacheBehavior [ RunTime:0.001000s ]
INFO: [ view_filter ] --END-- [ RunTime:0.001000s ]
INFO: [ app_end ] --START--
INFO: Run Behavior\ShowPageTraceBehavior [ RunTime:0.001000s ]
INFO: [ app_end ] --END-- [ RunTime:0.002000s ]

[ 2015-10-19T21:57:23+08:00 ] 127.0.0.1 /xuantiCms/student/editUI/id/1
INFO: [ app_init ] --START--
INFO: Run Behavior\BuildLiteBehavior [ RunTime:0.001000s ]
INFO: [ app_init ] --END-- [ RunTime:0.002000s ]
INFO: [ app_begin ] --START--
INFO: Run Behavior\ReadHtmlCacheBehavior [ RunTime:0.002000s ]
INFO: [ app_begin ] --END-- [ RunTime:0.002000s ]
SQL: SHOW COLUMNS FROM `class` [ RunTime:0.0060s ]
SQL: SHOW COLUMNS FROM `student` [ RunTime:0.0060s ]
SQL: SELECT * FROM `class`  [ RunTime:0.0010s ]
SQL: SELECT * FROM `student` WHERE ( id=1 )  [ RunTime:0.0000s ]
INFO: [ view_parse ] --START--
INFO: [ template_filter ] --START--
INFO: Run Behavior\ContentReplaceBehavior [ RunTime:0.000000s ]
INFO: [ template_filter ] --END-- [ RunTime:0.000000s ]
NOTIC: [2] Illegal string offset 'id' E:\wamp\www\xuantiCms\Application\Runtime\Cache\admin\5de600c77668d6dae9c84b7ef002da48.php 第 39 行.
NOTIC: [2] Illegal string offset 'studentnumber' E:\wamp\www\xuantiCms\Application\Runtime\Cache\admin\5de600c77668d6dae9c84b7ef002da48.php 第 43 行.
NOTIC: [2] Illegal string offset 'name' E:\wamp\www\xuantiCms\Application\Runtime\Cache\admin\5de600c77668d6dae9c84b7ef002da48.php 第 45 行.
NOTIC: [8] Use of undefined constant id - assumed 'id' E:\wamp\www\xuantiCms\Application\Runtime\Cache\admin\5de600c77668d6dae9c84b7ef002da48.php 第 52 行.
NOTIC: [8] Array to string conversion E:\wamp\www\xuantiCms\Application\Runtime\Cache\admin\5de600c77668d6dae9c84b7ef002da48.php 第 52 行.
NOTIC: [8] Use of undefined constant id - assumed 'id' E:\wamp\www\xuantiCms\Application\Runtime\Cache\admin\5de600c77668d6dae9c84b7ef002da48.php 第 52 行.
NOTIC: [8] Array to string conversion E:\wamp\www\xuantiCms\Application\Runtime\Cache\admin\5de600c77668d6dae9c84b7ef002da48.php 第 52 行.
NOTIC: [8] Use of undefined constant id - assumed 'id' E:\wamp\www\xuantiCms\Application\Runtime\Cache\admin\5de600c77668d6dae9c84b7ef002da48.php 第 52 行.
NOTIC: [8] Array to string conversion E:\wamp\www\xuantiCms\Application\Runtime\Cache\admin\5de600c77668d6dae9c84b7ef002da48.php 第 52 行.
NOTIC: [8] Use of undefined constant id - assumed 'id' E:\wamp\www\xuantiCms\Application\Runtime\Cache\admin\5de600c77668d6dae9c84b7ef002da48.php 第 52 行.
NOTIC: [8] Array to string conversion E:\wamp\www\xuantiCms\Application\Runtime\Cache\admin\5de600c77668d6dae9c84b7ef002da48.php 第 52 行.
NOTIC: [2] Illegal string offset 'password' E:\wamp\www\xuantiCms\Application\Runtime\Cache\admin\5de600c77668d6dae9c84b7ef002da48.php 第 58 行.
NOTIC: [8] Use of undefined constant sex - assumed 'sex' E:\wamp\www\xuantiCms\Application\Runtime\Cache\admin\5de600c77668d6dae9c84b7ef002da48.php 第 61 行.
NOTIC: [8] Use of undefined constant sex - assumed 'sex' E:\wamp\www\xuantiCms\Application\Runtime\Cache\admin\5de600c77668d6dae9c84b7ef002da48.php 第 62 行.
NOTIC: [2] Illegal string offset 'tel' E:\wamp\www\xuantiCms\Application\Runtime\Cache\admin\5de600c77668d6dae9c84b7ef002da48.php 第 66 行.
INFO: Run Behavior\ParseTemplateBehavior [ RunTime:0.026001s ]
INFO: [ view_parse ] --END-- [ RunTime:0.026001s ]
INFO: [ view_filter ] --START--
INFO: Run Behavior\WriteHtmlCacheBehavior [ RunTime:0.002001s ]
INFO: [ view_filter ] --END-- [ RunTime:0.002001s ]
INFO: [ app_end ] --START--
INFO: Run Behavior\ShowPageTraceBehavior [ RunTime:0.001000s ]
INFO: [ app_end ] --END-- [ RunTime:0.002000s ]

[ 2015-10-19T21:57:47+08:00 ] 127.0.0.1 /xuantiCms/student/index
INFO: [ app_init ] --START--
INFO: Run Behavior\BuildLiteBehavior [ RunTime:0.000000s ]
INFO: [ app_init ] --END-- [ RunTime:0.001000s ]
INFO: [ app_begin ] --START--
INFO: Run Behavior\ReadHtmlCacheBehavior [ RunTime:0.001000s ]
INFO: [ app_begin ] --END-- [ RunTime:0.002000s ]
SQL: SHOW COLUMNS FROM `student` [ RunTime:0.0070s ]
NOTIC: [8] Undefined index: id E:\wamp\www\xuantiCms\Application\admin\Controller\StudentController.class.php 第 10 行.
SQL: SELECT * FROM `student`  [ RunTime:0.0020s ]
INFO: [ view_parse ] --START--
INFO: [ template_filter ] --START--
INFO: Run Behavior\ContentReplaceBehavior [ RunTime:0.000000s ]
INFO: [ template_filter ] --END-- [ RunTime:0.000000s ]
INFO: Run Behavior\ParseTemplateBehavior [ RunTime:0.023002s ]
INFO: [ view_parse ] --END-- [ RunTime:0.023002s ]
INFO: [ view_filter ] --START--
INFO: Run Behavior\WriteHtmlCacheBehavior [ RunTime:0.002000s ]
INFO: [ view_filter ] --END-- [ RunTime:0.002000s ]
INFO: [ app_end ] --START--
INFO: Run Behavior\ShowPageTraceBehavior [ RunTime:0.002000s ]
INFO: [ app_end ] --END-- [ RunTime:0.002000s ]

[ 2015-10-19T21:57:50+08:00 ] 127.0.0.1 /xuantiCms/student/editUI/id/1
INFO: [ app_init ] --START--
INFO: Run Behavior\BuildLiteBehavior [ RunTime:0.000000s ]
INFO: [ app_init ] --END-- [ RunTime:0.002000s ]
INFO: [ app_begin ] --START--
INFO: Run Behavior\ReadHtmlCacheBehavior [ RunTime:0.002000s ]
INFO: [ app_begin ] --END-- [ RunTime:0.002000s ]
SQL: SHOW COLUMNS FROM `class` [ RunTime:0.0080s ]
SQL: SHOW COLUMNS FROM `student` [ RunTime:0.0080s ]
SQL: SELECT * FROM `class`  [ RunTime:0.0010s ]
SQL: SELECT * FROM `student` WHERE ( id=1 )  [ RunTime:0.0010s ]
INFO: [ view_parse ] --START--
INFO: [ template_filter ] --START--
INFO: Run Behavior\ContentReplaceBehavior [ RunTime:0.000000s ]
INFO: [ template_filter ] --END-- [ RunTime:0.000000s ]
NOTIC: [2] Illegal string offset 'id' E:\wamp\www\xuantiCms\Application\Runtime\Cache\admin\5de600c77668d6dae9c84b7ef002da48.php 第 39 行.
NOTIC: [2] Illegal string offset 'studentnumber' E:\wamp\www\xuantiCms\Application\Runtime\Cache\admin\5de600c77668d6dae9c84b7ef002da48.php 第 43 行.
NOTIC: [2] Illegal string offset 'name' E:\wamp\www\xuantiCms\Application\Runtime\Cache\admin\5de600c77668d6dae9c84b7ef002da48.php 第 45 行.
NOTIC: [2] Illegal string offset 'password' E:\wamp\www\xuantiCms\Application\Runtime\Cache\admin\5de600c77668d6dae9c84b7ef002da48.php 第 58 行.
NOTIC: [8] Use of undefined constant sex - assumed 'sex' E:\wamp\www\xuantiCms\Application\Runtime\Cache\admin\5de600c77668d6dae9c84b7ef002da48.php 第 61 行.
NOTIC: [8] Use of undefined constant sex - assumed 'sex' E:\wamp\www\xuantiCms\Application\Runtime\Cache\admin\5de600c77668d6dae9c84b7ef002da48.php 第 62 行.
NOTIC: [2] Illegal string offset 'tel' E:\wamp\www\xuantiCms\Application\Runtime\Cache\admin\5de600c77668d6dae9c84b7ef002da48.php 第 66 行.
INFO: Run Behavior\ParseTemplateBehavior [ RunTime:0.025002s ]
INFO: [ view_parse ] --END-- [ RunTime:0.026002s ]
INFO: [ view_filter ] --START--
INFO: Run Behavior\WriteHtmlCacheBehavior [ RunTime:0.002000s ]
INFO: [ view_filter ] --END-- [ RunTime:0.002000s ]
INFO: [ app_end ] --START--
INFO: Run Behavior\ShowPageTraceBehavior [ RunTime:0.002000s ]
INFO: [ app_end ] --END-- [ RunTime:0.002000s ]

[ 2015-10-19T21:58:13+08:00 ] 127.0.0.1 /xuantiCms/student/index
INFO: [ app_init ] --START--
INFO: Run Behavior\BuildLiteBehavior [ RunTime:0.000000s ]
INFO: [ app_init ] --END-- [ RunTime:0.001000s ]
INFO: [ app_begin ] --START--
INFO: Run Behavior\ReadHtmlCacheBehavior [ RunTime:0.002000s ]
INFO: [ app_begin ] --END-- [ RunTime:0.002000s ]
SQL: SHOW COLUMNS FROM `student` [ RunTime:0.0060s ]
NOTIC: [8] Undefined index: id E:\wamp\www\xuantiCms\Application\admin\Controller\StudentController.class.php 第 10 行.
SQL: SELECT * FROM `student`  [ RunTime:0.0020s ]
INFO: [ view_parse ] --START--
INFO: [ template_filter ] --START--
INFO: Run Behavior\ContentReplaceBehavior [ RunTime:0.000000s ]
INFO: [ template_filter ] --END-- [ RunTime:0.000000s ]
INFO: Run Behavior\ParseTemplateBehavior [ RunTime:0.022001s ]
INFO: [ view_parse ] --END-- [ RunTime:0.022001s ]
INFO: [ view_filter ] --START--
INFO: Run Behavior\WriteHtmlCacheBehavior [ RunTime:0.001000s ]
INFO: [ view_filter ] --END-- [ RunTime:0.001000s ]
INFO: [ app_end ] --START--
INFO: Run Behavior\ShowPageTraceBehavior [ RunTime:0.001000s ]
INFO: [ app_end ] --END-- [ RunTime:0.002000s ]

[ 2015-10-19T21:58:16+08:00 ] 127.0.0.1 /xuantiCms/student/editUI/id/1
INFO: [ app_init ] --START--
INFO: Run Behavior\BuildLiteBehavior [ RunTime:0.000000s ]
INFO: [ app_init ] --END-- [ RunTime:0.001000s ]
INFO: [ app_begin ] --START--
INFO: Run Behavior\ReadHtmlCacheBehavior [ RunTime:0.001000s ]
INFO: [ app_begin ] --END-- [ RunTime:0.002000s ]
SQL: SHOW COLUMNS FROM `class` [ RunTime:0.0100s ]
SQL: SHOW COLUMNS FROM `student` [ RunTime:0.0080s ]
SQL: SELECT * FROM `class`  [ RunTime:0.0010s ]
SQL: SELECT * FROM `student` WHERE ( id=1 )  [ RunTime:0.0020s ]
INFO: [ view_parse ] --START--
INFO: [ template_filter ] --START--
INFO: Run Behavior\ContentReplaceBehavior [ RunTime:0.001000s ]
INFO: [ template_filter ] --END-- [ RunTime:0.001000s ]
NOTIC: [2] Illegal string offset 'id' E:\wamp\www\xuantiCms\Application\Runtime\Cache\admin\5de600c77668d6dae9c84b7ef002da48.php 第 39 行.
NOTIC: [2] Illegal string offset 'studentnumber' E:\wamp\www\xuantiCms\Application\Runtime\Cache\admin\5de600c77668d6dae9c84b7ef002da48.php 第 43 行.
NOTIC: [2] Illegal string offset 'name' E:\wamp\www\xuantiCms\Application\Runtime\Cache\admin\5de600c77668d6dae9c84b7ef002da48.php 第 45 行.
NOTIC: [2] Illegal string offset 'password' E:\wamp\www\xuantiCms\Application\Runtime\Cache\admin\5de600c77668d6dae9c84b7ef002da48.php 第 56 行.
NOTIC: [8] Use of undefined constant sex - assumed 'sex' E:\wamp\www\xuantiCms\Application\Runtime\Cache\admin\5de600c77668d6dae9c84b7ef002da48.php 第 59 行.
NOTIC: [8] Use of undefined constant sex - assumed 'sex' E:\wamp\www\xuantiCms\Application\Runtime\Cache\admin\5de600c77668d6dae9c84b7ef002da48.php 第 60 行.
NOTIC: [2] Illegal string offset 'tel' E:\wamp\www\xuantiCms\Application\Runtime\Cache\admin\5de600c77668d6dae9c84b7ef002da48.php 第 64 行.
INFO: Run Behavior\ParseTemplateBehavior [ RunTime:0.025001s ]
INFO: [ view_parse ] --END-- [ RunTime:0.025001s ]
INFO: [ view_filter ] --START--
INFO: Run Behavior\WriteHtmlCacheBehavior [ RunTime:0.001000s ]
INFO: [ view_filter ] --END-- [ RunTime:0.001000s ]
INFO: [ app_end ] --START--
INFO: Run Behavior\ShowPageTraceBehavior [ RunTime:0.001000s ]
INFO: [ app_end ] --END-- [ RunTime:0.002000s ]

[ 2015-10-19T21:58:16+08:00 ] 127.0.0.1 /xuantiCms/student/editUI/id/1
INFO: [ app_init ] --START--
INFO: Run Behavior\BuildLiteBehavior [ RunTime:0.001000s ]
INFO: [ app_init ] --END-- [ RunTime:0.002000s ]
INFO: [ app_begin ] --START--
INFO: Run Behavior\ReadHtmlCacheBehavior [ RunTime:0.003000s ]
INFO: [ app_begin ] --END-- [ RunTime:0.003000s ]
SQL: SHOW COLUMNS FROM `class` [ RunTime:0.0090s ]
SQL: SHOW COLUMNS FROM `student` [ RunTime:0.0190s ]
SQL: SELECT * FROM `class`  [ RunTime:0.0020s ]
SQL: SELECT * FROM `student` WHERE ( id=1 )  [ RunTime:0.0010s ]
INFO: [ view_parse ] --START--
INFO: [ template_filter ] --START--
INFO: Run Behavior\ContentReplaceBehavior [ RunTime:0.000000s ]
INFO: [ template_filter ] --END-- [ RunTime:0.001001s ]
NOTIC: [2] Illegal string offset 'id' E:\wamp\www\xuantiCms\Application\Runtime\Cache\admin\5de600c77668d6dae9c84b7ef002da48.php 第 39 行.
NOTIC: [2] Illegal string offset 'studentnumber' E:\wamp\www\xuantiCms\Application\Runtime\Cache\admin\5de600c77668d6dae9c84b7ef002da48.php 第 43 行.
NOTIC: [2] Illegal string offset 'name' E:\wamp\www\xuantiCms\Application\Runtime\Cache\admin\5de600c77668d6dae9c84b7ef002da48.php 第 45 行.
NOTIC: [2] Illegal string offset 'password' E:\wamp\www\xuantiCms\Application\Runtime\Cache\admin\5de600c77668d6dae9c84b7ef002da48.php 第 56 行.
NOTIC: [8] Use of undefined constant sex - assumed 'sex' E:\wamp\www\xuantiCms\Application\Runtime\Cache\admin\5de600c77668d6dae9c84b7ef002da48.php 第 59 行.
NOTIC: [8] Use of undefined constant sex - assumed 'sex' E:\wamp\www\xuantiCms\Application\Runtime\Cache\admin\5de600c77668d6dae9c84b7ef002da48.php 第 60 行.
NOTIC: [2] Illegal string offset 'tel' E:\wamp\www\xuantiCms\Application\Runtime\Cache\admin\5de600c77668d6dae9c84b7ef002da48.php 第 64 行.
INFO: Run Behavior\ParseTemplateBehavior [ RunTime:0.033002s ]
INFO: [ view_parse ] --END-- [ RunTime:0.033002s ]
INFO: [ view_filter ] --START--
INFO: Run Behavior\WriteHtmlCacheBehavior [ RunTime:0.001000s ]
INFO: [ view_filter ] --END-- [ RunTime:0.001000s ]
INFO: [ app_end ] --START--
INFO: Run Behavior\ShowPageTraceBehavior [ RunTime:0.001000s ]
INFO: [ app_end ] --END-- [ RunTime:0.002000s ]

[ 2015-10-19T21:59:16+08:00 ] 127.0.0.1 /xuantiCms/student/index
INFO: [ app_init ] --START--
INFO: Run Behavior\BuildLiteBehavior [ RunTime:0.000000s ]
INFO: [ app_init ] --END-- [ RunTime:0.002000s ]
INFO: [ app_begin ] --START--
INFO: Run Behavior\ReadHtmlCacheBehavior [ RunTime:0.002000s ]
INFO: [ app_begin ] --END-- [ RunTime:0.003000s ]
SQL: SHOW COLUMNS FROM `student` [ RunTime:0.0660s ]
NOTIC: [8] Undefined index: id E:\wamp\www\xuantiCms\Application\admin\Controller\StudentController.class.php 第 10 行.
SQL: SELECT * FROM `student`  [ RunTime:0.0020s ]
INFO: [ view_parse ] --START--
INFO: [ template_filter ] --START--
INFO: Run Behavior\ContentReplaceBehavior [ RunTime:0.000000s ]
INFO: [ template_filter ] --END-- [ RunTime:0.001000s ]
INFO: Run Behavior\ParseTemplateBehavior [ RunTime:0.027001s ]
INFO: [ view_parse ] --END-- [ RunTime:0.027001s ]
INFO: [ view_filter ] --START--
INFO: Run Behavior\WriteHtmlCacheBehavior [ RunTime:0.002000s ]
INFO: [ view_filter ] --END-- [ RunTime:0.002000s ]
INFO: [ app_end ] --START--
INFO: Run Behavior\ShowPageTraceBehavior [ RunTime:0.002000s ]
INFO: [ app_end ] --END-- [ RunTime:0.002000s ]

[ 2015-10-19T21:59:18+08:00 ] 127.0.0.1 /xuantiCms/student/editUI/id/1
INFO: [ app_init ] --START--
INFO: Run Behavior\BuildLiteBehavior [ RunTime:0.000000s ]
INFO: [ app_init ] --END-- [ RunTime:0.002001s ]
INFO: [ app_begin ] --START--
INFO: Run Behavior\ReadHtmlCacheBehavior [ RunTime:0.002000s ]
INFO: [ app_begin ] --END-- [ RunTime:0.002000s ]
SQL: SHOW COLUMNS FROM `class` [ RunTime:0.0060s ]
SQL: SHOW COLUMNS FROM `student` [ RunTime:0.0070s ]
SQL: SELECT * FROM `class`  [ RunTime:0.0020s ]
SQL: SELECT * FROM `student` WHERE ( id=1 )  [ RunTime:0.0010s ]
INFO: [ view_parse ] --START--
INFO: [ template_filter ] --START--
INFO: Run Behavior\ContentReplaceBehavior [ RunTime:0.000000s ]
INFO: [ template_filter ] --END-- [ RunTime:0.001000s ]
NOTIC: [8] Use of undefined constant sex - assumed 'sex' E:\wamp\www\xuantiCms\Application\Runtime\Cache\admin\5de600c77668d6dae9c84b7ef002da48.php 第 59 行.
NOTIC: [8] Array to string conversion E:\wamp\www\xuantiCms\Application\Runtime\Cache\admin\5de600c77668d6dae9c84b7ef002da48.php 第 59 行.
NOTIC: [8] Use of undefined constant sex - assumed 'sex' E:\wamp\www\xuantiCms\Application\Runtime\Cache\admin\5de600c77668d6dae9c84b7ef002da48.php 第 60 行.
NOTIC: [8] Array to string conversion E:\wamp\www\xuantiCms\Application\Runtime\Cache\admin\5de600c77668d6dae9c84b7ef002da48.php 第 60 行.
INFO: Run Behavior\ParseTemplateBehavior [ RunTime:0.025002s ]
INFO: [ view_parse ] --END-- [ RunTime:0.026002s ]
INFO: [ view_filter ] --START--
INFO: Run Behavior\WriteHtmlCacheBehavior [ RunTime:0.002000s ]
INFO: [ view_filter ] --END-- [ RunTime:0.002000s ]
INFO: [ app_end ] --START--
INFO: Run Behavior\ShowPageTraceBehavior [ RunTime:0.002000s ]
INFO: [ app_end ] --END-- [ RunTime:0.002000s ]

[ 2015-10-19T22:00:00+08:00 ] 127.0.0.1 /xuantiCms/student/index
INFO: [ app_init ] --START--
INFO: Run Behavior\BuildLiteBehavior [ RunTime:0.000000s ]
INFO: [ app_init ] --END-- [ RunTime:0.002001s ]
INFO: [ app_begin ] --START--
INFO: Run Behavior\ReadHtmlCacheBehavior [ RunTime:0.002000s ]
INFO: [ app_begin ] --END-- [ RunTime:0.002000s ]
SQL: SHOW COLUMNS FROM `student` [ RunTime:0.0930s ]
NOTIC: [8] Undefined index: id E:\wamp\www\xuantiCms\Application\admin\Controller\StudentController.class.php 第 10 行.
SQL: SELECT * FROM `student`  [ RunTime:0.0010s ]
INFO: [ view_parse ] --START--
INFO: [ template_filter ] --START--
INFO: Run Behavior\ContentReplaceBehavior [ RunTime:0.000000s ]
INFO: [ template_filter ] --END-- [ RunTime:0.000000s ]
INFO: Run Behavior\ParseTemplateBehavior [ RunTime:0.022001s ]
INFO: [ view_parse ] --END-- [ RunTime:0.023001s ]
INFO: [ view_filter ] --START--
INFO: Run Behavior\WriteHtmlCacheBehavior [ RunTime:0.001000s ]
INFO: [ view_filter ] --END-- [ RunTime:0.001000s ]
INFO: [ app_end ] --START--
INFO: Run Behavior\ShowPageTraceBehavior [ RunTime:0.001000s ]
INFO: [ app_end ] --END-- [ RunTime:0.001000s ]

[ 2015-10-19T22:00:02+08:00 ] 127.0.0.1 /xuantiCms/student/editUI/id/1
INFO: [ app_init ] --START--
INFO: Run Behavior\BuildLiteBehavior [ RunTime:0.000000s ]
INFO: [ app_init ] --END-- [ RunTime:0.002000s ]
INFO: [ app_begin ] --START--
INFO: Run Behavior\ReadHtmlCacheBehavior [ RunTime:0.002000s ]
INFO: [ app_begin ] --END-- [ RunTime:0.002000s ]
SQL: SHOW COLUMNS FROM `class` [ RunTime:0.0060s ]
SQL: SHOW COLUMNS FROM `student` [ RunTime:0.0070s ]
SQL: SELECT * FROM `class`  [ RunTime:0.0020s ]
SQL: SELECT * FROM `student` WHERE ( id=1 )  [ RunTime:0.0000s ]
INFO: [ view_parse ] --START--
INFO: [ template_filter ] --START--
INFO: Run Behavior\ContentReplaceBehavior [ RunTime:0.000000s ]
INFO: [ template_filter ] --END-- [ RunTime:0.000000s ]
INFO: Run Behavior\ParseTemplateBehavior [ RunTime:0.024001s ]
INFO: [ view_parse ] --END-- [ RunTime:0.024001s ]
INFO: [ view_filter ] --START--
INFO: Run Behavior\WriteHtmlCacheBehavior [ RunTime:0.001001s ]
INFO: [ view_filter ] --END-- [ RunTime:0.002001s ]
INFO: [ app_end ] --START--
INFO: Run Behavior\ShowPageTraceBehavior [ RunTime:0.002000s ]
INFO: [ app_end ] --END-- [ RunTime:0.002000s ]

[ 2015-10-19T22:01:33+08:00 ] 127.0.0.1 /xuantiCms/student/index
INFO: [ app_init ] --START--
INFO: Run Behavior\BuildLiteBehavior [ RunTime:0.000000s ]
INFO: [ app_init ] --END-- [ RunTime:0.002000s ]
INFO: [ app_begin ] --START--
INFO: Run Behavior\ReadHtmlCacheBehavior [ RunTime:0.003001s ]
INFO: [ app_begin ] --END-- [ RunTime:0.003001s ]
SQL: SHOW COLUMNS FROM `student` [ RunTime:0.0060s ]
NOTIC: [8] Undefined index: id E:\wamp\www\xuantiCms\Application\admin\Controller\StudentController.class.php 第 10 行.
SQL: SELECT * FROM `student`  [ RunTime:0.0020s ]
INFO: [ view_parse ] --START--
INFO: [ template_filter ] --START--
INFO: Run Behavior\ContentReplaceBehavior [ RunTime:0.000000s ]
INFO: [ template_filter ] --END-- [ RunTime:0.001000s ]
INFO: Run Behavior\ParseTemplateBehavior [ RunTime:0.028001s ]
INFO: [ view_parse ] --END-- [ RunTime:0.028001s ]
INFO: [ view_filter ] --START--
INFO: Run Behavior\WriteHtmlCacheBehavior [ RunTime:0.002001s ]
INFO: [ view_filter ] --END-- [ RunTime:0.002001s ]
INFO: [ app_end ] --START--
INFO: Run Behavior\ShowPageTraceBehavior [ RunTime:0.003000s ]
INFO: [ app_end ] --END-- [ RunTime:0.003000s ]

[ 2015-10-19T22:01:36+08:00 ] 127.0.0.1 /xuantiCms/student/editUI/id/1
INFO: [ app_init ] --START--
INFO: Run Behavior\BuildLiteBehavior [ RunTime:0.000000s ]
INFO: [ app_init ] --END-- [ RunTime:0.002000s ]
INFO: [ app_begin ] --START--
INFO: Run Behavior\ReadHtmlCacheBehavior [ RunTime:0.002000s ]
INFO: [ app_begin ] --END-- [ RunTime:0.002000s ]
SQL: SHOW COLUMNS FROM `class` [ RunTime:0.0060s ]
SQL: SHOW COLUMNS FROM `student` [ RunTime:0.0080s ]
SQL: SELECT * FROM `class`  [ RunTime:0.0020s ]
SQL: SELECT * FROM `student` WHERE ( id=1 )  [ RunTime:0.0000s ]
INFO: [ view_parse ] --START--
INFO: [ template_filter ] --START--
INFO: Run Behavior\ContentReplaceBehavior [ RunTime:0.000000s ]
INFO: [ template_filter ] --END-- [ RunTime:0.001000s ]
INFO: Run Behavior\ParseTemplateBehavior [ RunTime:0.025001s ]
INFO: [ view_parse ] --END-- [ RunTime:0.026001s ]
INFO: [ view_filter ] --START--
INFO: Run Behavior\WriteHtmlCacheBehavior [ RunTime:0.001000s ]
INFO: [ view_filter ] --END-- [ RunTime:0.001000s ]
INFO: [ app_end ] --START--
INFO: Run Behavior\ShowPageTraceBehavior [ RunTime:0.001000s ]
INFO: [ app_end ] --END-- [ RunTime:0.001000s ]

[ 2015-10-19T22:02:03+08:00 ] 127.0.0.1 /xuantiCms/student/index
INFO: [ app_init ] --START--
INFO: Run Behavior\BuildLiteBehavior [ RunTime:0.000000s ]
INFO: [ app_init ] --END-- [ RunTime:0.002000s ]
INFO: [ app_begin ] --START--
INFO: Run Behavior\ReadHtmlCacheBehavior [ RunTime:0.002000s ]
INFO: [ app_begin ] --END-- [ RunTime:0.002000s ]
SQL: SHOW COLUMNS FROM `student` [ RunTime:0.0060s ]
NOTIC: [8] Undefined index: id E:\wamp\www\xuantiCms\Application\admin\Controller\StudentController.class.php 第 10 行.
SQL: SELECT * FROM `student`  [ RunTime:0.0010s ]
INFO: [ view_parse ] --START--
INFO: [ template_filter ] --START--
INFO: Run Behavior\ContentReplaceBehavior [ RunTime:0.000000s ]
INFO: [ template_filter ] --END-- [ RunTime:0.000000s ]
INFO: Run Behavior\ParseTemplateBehavior [ RunTime:0.022002s ]
INFO: [ view_parse ] --END-- [ RunTime:0.023002s ]
INFO: [ view_filter ] --START--
INFO: Run Behavior\WriteHtmlCacheBehavior [ RunTime:0.001000s ]
INFO: [ view_filter ] --END-- [ RunTime:0.001000s ]
INFO: [ app_end ] --START--
INFO: Run Behavior\ShowPageTraceBehavior [ RunTime:0.001000s ]
INFO: [ app_end ] --END-- [ RunTime:0.002000s ]

[ 2015-10-19T22:02:06+08:00 ] 127.0.0.1 /xuantiCms/student/editUI/id/1
INFO: [ app_init ] --START--
INFO: Run Behavior\BuildLiteBehavior [ RunTime:0.000000s ]
INFO: [ app_init ] --END-- [ RunTime:0.002000s ]
INFO: [ app_begin ] --START--
INFO: Run Behavior\ReadHtmlCacheBehavior [ RunTime:0.002000s ]
INFO: [ app_begin ] --END-- [ RunTime:0.002000s ]
SQL: SHOW COLUMNS FROM `class` [ RunTime:0.0060s ]
SQL: SHOW COLUMNS FROM `student` [ RunTime:0.0070s ]
SQL: SELECT * FROM `class`  [ RunTime:0.0010s ]
SQL: SELECT * FROM `student` WHERE ( id=1 )  [ RunTime:0.0000s ]
INFO: [ view_parse ] --START--
INFO: [ template_filter ] --START--
INFO: Run Behavior\ContentReplaceBehavior [ RunTime:0.000000s ]
INFO: [ template_filter ] --END-- [ RunTime:0.001000s ]
INFO: Run Behavior\ParseTemplateBehavior [ RunTime:0.024001s ]
INFO: [ view_parse ] --END-- [ RunTime:0.024001s ]
INFO: [ view_filter ] --START--
INFO: Run Behavior\WriteHtmlCacheBehavior [ RunTime:0.001000s ]
INFO: [ view_filter ] --END-- [ RunTime:0.002000s ]
INFO: [ app_end ] --START--
INFO: Run Behavior\ShowPageTraceBehavior [ RunTime:0.002000s ]
INFO: [ app_end ] --END-- [ RunTime:0.002000s ]

[ 2015-10-19T22:05:06+08:00 ] 127.0.0.1 /xuantiCms/student/index
INFO: [ app_init ] --START--
INFO: Run Behavior\BuildLiteBehavior [ RunTime:0.001000s ]
INFO: [ app_init ] --END-- [ RunTime:0.002000s ]
INFO: [ app_begin ] --START--
INFO: Run Behavior\ReadHtmlCacheBehavior [ RunTime:0.003000s ]
INFO: [ app_begin ] --END-- [ RunTime:0.003000s ]
SQL: SHOW COLUMNS FROM `student` [ RunTime:0.0070s ]
NOTIC: [8] Undefined index: id E:\wamp\www\xuantiCms\Application\admin\Controller\StudentController.class.php 第 10 行.
SQL: SELECT * FROM `student`  [ RunTime:0.0020s ]
INFO: [ view_parse ] --START--
INFO: [ template_filter ] --START--
INFO: Run Behavior\ContentReplaceBehavior [ RunTime:0.000000s ]
INFO: [ template_filter ] --END-- [ RunTime:0.000000s ]
INFO: Run Behavior\ParseTemplateBehavior [ RunTime:0.031002s ]
INFO: [ view_parse ] --END-- [ RunTime:0.031002s ]
INFO: [ view_filter ] --START--
INFO: Run Behavior\WriteHtmlCacheBehavior [ RunTime:0.002000s ]
INFO: [ view_filter ] --END-- [ RunTime:0.002000s ]
INFO: [ app_end ] --START--
INFO: Run Behavior\ShowPageTraceBehavior [ RunTime:0.002000s ]
INFO: [ app_end ] --END-- [ RunTime:0.003000s ]

[ 2015-10-19T22:05:12+08:00 ] 127.0.0.1 /xuantiCms/student/editUI/id/2
INFO: [ app_init ] --START--
INFO: Run Behavior\BuildLiteBehavior [ RunTime:0.000000s ]
INFO: [ app_init ] --END-- [ RunTime:0.001000s ]
INFO: [ app_begin ] --START--
INFO: Run Behavior\ReadHtmlCacheBehavior [ RunTime:0.001000s ]
INFO: [ app_begin ] --END-- [ RunTime:0.002000s ]
SQL: SHOW COLUMNS FROM `class` [ RunTime:0.0060s ]
SQL: SHOW COLUMNS FROM `student` [ RunTime:0.0080s ]
SQL: SELECT * FROM `class`  [ RunTime:0.0010s ]
SQL: SELECT * FROM `student` WHERE ( id=2 )  [ RunTime:0.0000s ]
INFO: [ view_parse ] --START--
INFO: [ template_filter ] --START--
INFO: Run Behavior\ContentReplaceBehavior [ RunTime:0.000000s ]
INFO: [ template_filter ] --END-- [ RunTime:0.000000s ]
INFO: Run Behavior\ParseTemplateBehavior [ RunTime:0.025002s ]
INFO: [ view_parse ] --END-- [ RunTime:0.026002s ]
INFO: [ view_filter ] --START--
INFO: Run Behavior\WriteHtmlCacheBehavior [ RunTime:0.001000s ]
INFO: [ view_filter ] --END-- [ RunTime:0.001000s ]
INFO: [ app_end ] --START--
INFO: Run Behavior\ShowPageTraceBehavior [ RunTime:0.002000s ]
INFO: [ app_end ] --END-- [ RunTime:0.002000s ]

[ 2015-10-19T22:05:19+08:00 ] 127.0.0.1 /xuantiCms/student/add
INFO: [ app_init ] --START--
INFO: Run Behavior\BuildLiteBehavior [ RunTime:0.000000s ]
INFO: [ app_init ] --END-- [ RunTime:0.001000s ]
INFO: [ app_begin ] --START--
INFO: Run Behavior\ReadHtmlCacheBehavior [ RunTime:0.002000s ]
INFO: [ app_begin ] --END-- [ RunTime:0.002000s ]
SQL: SHOW COLUMNS FROM `student` [ RunTime:0.0060s ]
SQL: SHOW COLUMNS FROM `class` [ RunTime:0.0080s ]
SQL: SELECT `name` FROM `class` WHERE ( id=4 ) LIMIT 1   [ RunTime:0.0020s ]
ERR: SQLSTATE[23000]: Integrity constraint violation: 1062 Duplicate entry '2' for key 1

[ 2015-10-19T22:08:40+08:00 ] 127.0.0.1 /xuantiCms/student/index
INFO: [ app_init ] --START--
INFO: Run Behavior\BuildLiteBehavior [ RunTime:0.000000s ]
INFO: [ app_init ] --END-- [ RunTime:0.002000s ]
INFO: [ app_begin ] --START--
INFO: Run Behavior\ReadHtmlCacheBehavior [ RunTime:0.003000s ]
INFO: [ app_begin ] --END-- [ RunTime:0.003000s ]
SQL: SHOW COLUMNS FROM `student` [ RunTime:0.0060s ]
NOTIC: [8] Undefined index: id E:\wamp\www\xuantiCms\Application\admin\Controller\StudentController.class.php 第 10 行.
SQL: SELECT * FROM `student`  [ RunTime:0.0010s ]
INFO: [ view_parse ] --START--
INFO: [ template_filter ] --START--
INFO: Run Behavior\ContentReplaceBehavior [ RunTime:0.000000s ]
INFO: [ template_filter ] --END-- [ RunTime:0.000000s ]
INFO: Run Behavior\ParseTemplateBehavior [ RunTime:0.029001s ]
INFO: [ view_parse ] --END-- [ RunTime:0.029001s ]
INFO: [ view_filter ] --START--
INFO: Run Behavior\WriteHtmlCacheBehavior [ RunTime:0.002000s ]
INFO: [ view_filter ] --END-- [ RunTime:0.002000s ]
INFO: [ app_end ] --START--
INFO: Run Behavior\ShowPageTraceBehavior [ RunTime:0.002000s ]
INFO: [ app_end ] --END-- [ RunTime:0.002000s ]

[ 2015-10-19T22:08:42+08:00 ] 127.0.0.1 /xuantiCms/student/editUI/id/2
INFO: [ app_init ] --START--
INFO: Run Behavior\BuildLiteBehavior [ RunTime:0.000000s ]
INFO: [ app_init ] --END-- [ RunTime:0.002000s ]
INFO: [ app_begin ] --START--
INFO: Run Behavior\ReadHtmlCacheBehavior [ RunTime:0.001000s ]
INFO: [ app_begin ] --END-- [ RunTime:0.002000s ]
SQL: SHOW COLUMNS FROM `class` [ RunTime:0.0060s ]
SQL: SHOW COLUMNS FROM `student` [ RunTime:0.0070s ]
SQL: SELECT * FROM `class`  [ RunTime:0.0020s ]
SQL: SELECT * FROM `student` WHERE ( id=2 )  [ RunTime:0.0010s ]
INFO: [ view_parse ] --START--
INFO: [ template_filter ] --START--
INFO: Run Behavior\ContentReplaceBehavior [ RunTime:0.000000s ]
INFO: [ template_filter ] --END-- [ RunTime:0.001001s ]
INFO: Run Behavior\ParseTemplateBehavior [ RunTime:0.024001s ]
INFO: [ view_parse ] --END-- [ RunTime:0.025002s ]
INFO: [ view_filter ] --START--
INFO: Run Behavior\WriteHtmlCacheBehavior [ RunTime:0.002000s ]
INFO: [ view_filter ] --END-- [ RunTime:0.002000s ]
INFO: [ app_end ] --START--
INFO: Run Behavior\ShowPageTraceBehavior [ RunTime:0.002000s ]
INFO: [ app_end ] --END-- [ RunTime:0.002000s ]

[ 2015-10-19T22:08:53+08:00 ] 127.0.0.1 /xuantiCms/student/edit
INFO: [ app_init ] --START--
INFO: Run Behavior\BuildLiteBehavior [ RunTime:0.000000s ]
INFO: [ app_init ] --END-- [ RunTime:0.001000s ]
INFO: [ app_begin ] --START--
INFO: Run Behavior\ReadHtmlCacheBehavior [ RunTime:0.002000s ]
INFO: [ app_begin ] --END-- [ RunTime:0.002000s ]
SQL: SHOW COLUMNS FROM `class` [ RunTime:0.0060s ]
SQL: SHOW COLUMNS FROM `student` [ RunTime:0.0080s ]
SQL: SELECT * FROM `class`  [ RunTime:0.0010s ]
SQL: SELECT `name` FROM `class` WHERE ( id=4 ) LIMIT 1   [ RunTime:0.0000s ]
SQL: UPDATE `student` SET `id`='2',`name`='李晓明',`class_id`='4',`password`='123456',`sex`='女',`tel`='1234578910',`create_date`='1445263733',`class_name`='文学1班' WHERE ( id=2 ) [ RunTime:0.0510s ]
INFO: [ view_parse ] --START--
INFO: [ template_filter ] --START--
INFO: Run Behavior\ContentReplaceBehavior [ RunTime:0.000000s ]
INFO: [ template_filter ] --END-- [ RunTime:0.000000s ]
INFO: Run Behavior\ParseTemplateBehavior [ RunTime:0.040002s ]
INFO: [ view_parse ] --END-- [ RunTime:0.040002s ]
INFO: [ view_filter ] --START--
INFO: Run Behavior\WriteHtmlCacheBehavior [ RunTime:0.002000s ]
INFO: [ view_filter ] --END-- [ RunTime:0.003000s ]
INFO: [ app_end ] --START--
INFO: Run Behavior\ShowPageTraceBehavior [ RunTime:0.002000s ]
INFO: [ app_end ] --END-- [ RunTime:0.002000s ]

[ 2015-10-19T22:08:54+08:00 ] 127.0.0.1 /xuantiCms/student/index/id/2
INFO: [ app_init ] --START--
INFO: Run Behavior\BuildLiteBehavior [ RunTime:0.000000s ]
INFO: [ app_init ] --END-- [ RunTime:0.002000s ]
INFO: [ app_begin ] --START--
INFO: Run Behavior\ReadHtmlCacheBehavior [ RunTime:0.003000s ]
INFO: [ app_begin ] --END-- [ RunTime:0.003000s ]
SQL: SHOW COLUMNS FROM `student` [ RunTime:0.0060s ]
SQL: SELECT * FROM `student` WHERE ( id=2 )  [ RunTime:0.0020s ]
INFO: [ view_parse ] --START--
INFO: [ template_filter ] --START--
INFO: Run Behavior\ContentReplaceBehavior [ RunTime:0.000000s ]
INFO: [ template_filter ] --END-- [ RunTime:0.000000s ]
INFO: Run Behavior\ParseTemplateBehavior [ RunTime:0.023001s ]
INFO: [ view_parse ] --END-- [ RunTime:0.023001s ]
INFO: [ view_filter ] --START--
INFO: Run Behavior\WriteHtmlCacheBehavior [ RunTime:0.002000s ]
INFO: [ view_filter ] --END-- [ RunTime:0.002000s ]
INFO: [ app_end ] --START--
INFO: Run Behavior\ShowPageTraceBehavior [ RunTime:0.002000s ]
INFO: [ app_end ] --END-- [ RunTime:0.002000s ]

[ 2015-10-19T22:09:01+08:00 ] 127.0.0.1 /xuantiCms/student/editUI/id/2
INFO: [ app_init ] --START--
INFO: Run Behavior\BuildLiteBehavior [ RunTime:0.000000s ]
INFO: [ app_init ] --END-- [ RunTime:0.002000s ]
INFO: [ app_begin ] --START--
INFO: Run Behavior\ReadHtmlCacheBehavior [ RunTime:0.001000s ]
INFO: [ app_begin ] --END-- [ RunTime:0.002000s ]
SQL: SHOW COLUMNS FROM `class` [ RunTime:0.0060s ]
SQL: SHOW COLUMNS FROM `student` [ RunTime:0.0070s ]
SQL: SELECT * FROM `class`  [ RunTime:0.0020s ]
SQL: SELECT * FROM `student` WHERE ( id=2 )  [ RunTime:0.0010s ]
INFO: [ view_parse ] --START--
INFO: [ template_filter ] --START--
INFO: Run Behavior\ContentReplaceBehavior [ RunTime:0.000000s ]
INFO: [ template_filter ] --END-- [ RunTime:0.000000s ]
INFO: Run Behavior\ParseTemplateBehavior [ RunTime:0.023001s ]
INFO: [ view_parse ] --END-- [ RunTime:0.023001s ]
INFO: [ view_filter ] --START--
INFO: Run Behavior\WriteHtmlCacheBehavior [ RunTime:0.001000s ]
INFO: [ view_filter ] --END-- [ RunTime:0.002000s ]
INFO: [ app_end ] --START--
INFO: Run Behavior\ShowPageTraceBehavior [ RunTime:0.001000s ]
INFO: [ app_end ] --END-- [ RunTime:0.002000s ]

[ 2015-10-19T22:09:08+08:00 ] 127.0.0.1 /xuantiCms/student/index
INFO: [ app_init ] --START--
INFO: Run Behavior\BuildLiteBehavior [ RunTime:0.000000s ]
INFO: [ app_init ] --END-- [ RunTime:0.002001s ]
INFO: [ app_begin ] --START--
INFO: Run Behavior\ReadHtmlCacheBehavior [ RunTime:0.003000s ]
INFO: [ app_begin ] --END-- [ RunTime:0.003000s ]
SQL: SHOW COLUMNS FROM `student` [ RunTime:0.0060s ]
NOTIC: [8] Undefined index: id E:\wamp\www\xuantiCms\Application\admin\Controller\StudentController.class.php 第 10 行.
SQL: SELECT * FROM `student`  [ RunTime:0.0010s ]
INFO: [ view_parse ] --START--
INFO: [ template_filter ] --START--
INFO: Run Behavior\ContentReplaceBehavior [ RunTime:0.001001s ]
INFO: [ template_filter ] --END-- [ RunTime:0.001001s ]
INFO: Run Behavior\ParseTemplateBehavior [ RunTime:0.028002s ]
INFO: [ view_parse ] --END-- [ RunTime:0.028002s ]
INFO: [ view_filter ] --START--
INFO: Run Behavior\WriteHtmlCacheBehavior [ RunTime:0.003000s ]
INFO: [ view_filter ] --END-- [ RunTime:0.003000s ]
INFO: [ app_end ] --START--
INFO: Run Behavior\ShowPageTraceBehavior [ RunTime:0.003000s ]
INFO: [ app_end ] --END-- [ RunTime:0.003000s ]

[ 2015-10-19T22:27:39+08:00 ] 127.0.0.1 /xuantiCms/student/index
INFO: [ app_init ] --START--
INFO: Run Behavior\BuildLiteBehavior [ RunTime:0.000000s ]
INFO: [ app_init ] --END-- [ RunTime:0.002000s ]
INFO: [ app_begin ] --START--
INFO: Run Behavior\ReadHtmlCacheBehavior [ RunTime:0.002001s ]
INFO: [ app_begin ] --END-- [ RunTime:0.003001s ]
SQL: SHOW COLUMNS FROM `student` [ RunTime:0.0070s ]
NOTIC: [8] Undefined index: id E:\wamp\www\xuantiCms\Application\admin\Controller\StudentController.class.php 第 10 行.
SQL: SELECT * FROM `student`  [ RunTime:0.0010s ]
INFO: [ view_parse ] --START--
INFO: [ template_filter ] --START--
INFO: Run Behavior\ContentReplaceBehavior [ RunTime:0.000000s ]
INFO: [ template_filter ] --END-- [ RunTime:0.000000s ]
INFO: Run Behavior\ParseTemplateBehavior [ RunTime:0.027002s ]
INFO: [ view_parse ] --END-- [ RunTime:0.027002s ]
INFO: [ view_filter ] --START--
INFO: Run Behavior\WriteHtmlCacheBehavior [ RunTime:0.002000s ]
INFO: [ view_filter ] --END-- [ RunTime:0.002000s ]
INFO: [ app_end ] --START--
INFO: Run Behavior\ShowPageTraceBehavior [ RunTime:0.003000s ]
INFO: [ app_end ] --END-- [ RunTime:0.003000s ]

[ 2015-10-19T22:27:46+08:00 ] 127.0.0.1 /xuantiCms/student/addUI
INFO: [ app_init ] --START--
INFO: Run Behavior\BuildLiteBehavior [ RunTime:0.000000s ]
INFO: [ app_init ] --END-- [ RunTime:0.001000s ]
INFO: [ app_begin ] --START--
INFO: Run Behavior\ReadHtmlCacheBehavior [ RunTime:0.001000s ]
INFO: [ app_begin ] --END-- [ RunTime:0.002000s ]
SQL: SHOW COLUMNS FROM `class` [ RunTime:0.0060s ]
SQL: SELECT * FROM `class`  [ RunTime:0.0020s ]
INFO: [ view_parse ] --START--
INFO: [ template_filter ] --START--
INFO: Run Behavior\ContentReplaceBehavior [ RunTime:0.000000s ]
INFO: [ template_filter ] --END-- [ RunTime:0.000000s ]
INFO: Run Behavior\ParseTemplateBehavior [ RunTime:0.021001s ]
INFO: [ view_parse ] --END-- [ RunTime:0.021001s ]
INFO: [ view_filter ] --START--
INFO: Run Behavior\WriteHtmlCacheBehavior [ RunTime:0.002000s ]
INFO: [ view_filter ] --END-- [ RunTime:0.002000s ]
INFO: [ app_end ] --START--
INFO: Run Behavior\ShowPageTraceBehavior [ RunTime:0.002001s ]
INFO: [ app_end ] --END-- [ RunTime:0.002001s ]

[ 2015-10-19T22:28:00+08:00 ] 127.0.0.1 /xuantiCms/student/add
INFO: [ app_init ] --START--
INFO: Run Behavior\BuildLiteBehavior [ RunTime:0.000000s ]
INFO: [ app_init ] --END-- [ RunTime:0.002000s ]
INFO: [ app_begin ] --START--
INFO: Run Behavior\ReadHtmlCacheBehavior [ RunTime:0.005001s ]
INFO: [ app_begin ] --END-- [ RunTime:0.005001s ]
SQL: SHOW COLUMNS FROM `student` [ RunTime:0.0080s ]
SQL: SHOW COLUMNS FROM `class` [ RunTime:0.0090s ]
SQL: SELECT `name` FROM `class` WHERE ( id=2 ) LIMIT 1   [ RunTime:0.0020s ]
SQL: INSERT INTO `student` (`name`,`class_id`,`password`,`sex`,`tel`,`create_date`,`class_name`) VALUES ('asdad','2','asd','男','asd','1445264880','科技2班') [ RunTime:0.1000s ]
SQL: UPDATE `student` SET `studentNumber`='2015101927' WHERE ( id=7 ) [ RunTime:0.0430s ]
INFO: [ view_parse ] --START--
INFO: [ template_filter ] --START--
INFO: Run Behavior\ContentReplaceBehavior [ RunTime:0.000000s ]
INFO: [ template_filter ] --END-- [ RunTime:0.001000s ]
INFO: Run Behavior\ParseTemplateBehavior [ RunTime:0.019001s ]
INFO: [ view_parse ] --END-- [ RunTime:0.019001s ]
INFO: [ view_filter ] --START--
INFO: Run Behavior\WriteHtmlCacheBehavior [ RunTime:0.001000s ]
INFO: [ view_filter ] --END-- [ RunTime:0.002000s ]
INFO: [ app_end ] --START--
INFO: Run Behavior\ShowPageTraceBehavior [ RunTime:0.002000s ]
INFO: [ app_end ] --END-- [ RunTime:0.002000s ]

[ 2015-10-19T22:28:01+08:00 ] 127.0.0.1 /xuantiCms/student/index/id/7
INFO: [ app_init ] --START--
INFO: Run Behavior\BuildLiteBehavior [ RunTime:0.000000s ]
INFO: [ app_init ] --END-- [ RunTime:0.002000s ]
INFO: [ app_begin ] --START--
INFO: Run Behavior\ReadHtmlCacheBehavior [ RunTime:0.002001s ]
INFO: [ app_begin ] --END-- [ RunTime:0.002001s ]
SQL: SHOW COLUMNS FROM `student` [ RunTime:0.0070s ]
SQL: SELECT * FROM `student` WHERE ( id=7 )  [ RunTime:0.0010s ]
INFO: [ view_parse ] --START--
INFO: [ template_filter ] --START--
INFO: Run Behavior\ContentReplaceBehavior [ RunTime:0.000000s ]
INFO: [ template_filter ] --END-- [ RunTime:0.001000s ]
INFO: Run Behavior\ParseTemplateBehavior [ RunTime:0.023002s ]
INFO: [ view_parse ] --END-- [ RunTime:0.023002s ]
INFO: [ view_filter ] --START--
INFO: Run Behavior\WriteHtmlCacheBehavior [ RunTime:0.002000s ]
INFO: [ view_filter ] --END-- [ RunTime:0.002000s ]
INFO: [ app_end ] --START--
INFO: Run Behavior\ShowPageTraceBehavior [ RunTime:0.002000s ]
INFO: [ app_end ] --END-- [ RunTime:0.002000s ]

[ 2015-10-19T22:28:04+08:00 ] 127.0.0.1 /xuantiCms/student/delete/id/7
INFO: [ app_init ] --START--
INFO: Run Behavior\BuildLiteBehavior [ RunTime:0.000000s ]
INFO: [ app_init ] --END-- [ RunTime:0.002000s ]
INFO: [ app_begin ] --START--
INFO: Run Behavior\ReadHtmlCacheBehavior [ RunTime:0.002000s ]
INFO: [ app_begin ] --END-- [ RunTime:0.002000s ]
SQL: SHOW COLUMNS FROM `student` [ RunTime:0.0060s ]
SQL: DELETE FROM `student` WHERE ( id=7 ) [ RunTime:0.0610s ]
INFO: [ view_parse ] --START--
INFO: [ template_filter ] --START--
INFO: Run Behavior\ContentReplaceBehavior [ RunTime:0.000000s ]
INFO: [ template_filter ] --END-- [ RunTime:0.000000s ]
INFO: Run Behavior\ParseTemplateBehavior [ RunTime:0.017001s ]
INFO: [ view_parse ] --END-- [ RunTime:0.018001s ]
INFO: [ view_filter ] --START--
INFO: Run Behavior\WriteHtmlCacheBehavior [ RunTime:0.001000s ]
INFO: [ view_filter ] --END-- [ RunTime:0.001000s ]
INFO: [ app_end ] --START--
INFO: Run Behavior\ShowPageTraceBehavior [ RunTime:0.001000s ]
INFO: [ app_end ] --END-- [ RunTime:0.002000s ]

[ 2015-10-19T22:28:05+08:00 ] 127.0.0.1 /xuantiCms/student/index/id/7
INFO: [ app_init ] --START--
INFO: Run Behavior\BuildLiteBehavior [ RunTime:0.000000s ]
INFO: [ app_init ] --END-- [ RunTime:0.002000s ]
INFO: [ app_begin ] --START--
INFO: Run Behavior\ReadHtmlCacheBehavior [ RunTime:0.002000s ]
INFO: [ app_begin ] --END-- [ RunTime:0.002000s ]
SQL: SHOW COLUMNS FROM `student` [ RunTime:0.0060s ]
SQL: SELECT * FROM `student` WHERE ( id=7 )  [ RunTime:0.0020s ]
INFO: [ view_parse ] --START--
INFO: [ template_filter ] --START--
INFO: Run Behavior\ContentReplaceBehavior [ RunTime:0.000000s ]
INFO: [ template_filter ] --END-- [ RunTime:0.000000s ]
INFO: Run Behavior\ParseTemplateBehavior [ RunTime:0.022002s ]
INFO: [ view_parse ] --END-- [ RunTime:0.023002s ]
INFO: [ view_filter ] --START--
INFO: Run Behavior\WriteHtmlCacheBehavior [ RunTime:0.002000s ]
INFO: [ view_filter ] --END-- [ RunTime:0.002000s ]
INFO: [ app_end ] --START--
INFO: Run Behavior\ShowPageTraceBehavior [ RunTime:0.002000s ]
INFO: [ app_end ] --END-- [ RunTime:0.002000s ]

[ 2015-10-19T22:28:27+08:00 ] 127.0.0.1 /xuantiCms/student/addUI
INFO: [ app_init ] --START--
INFO: Run Behavior\BuildLiteBehavior [ RunTime:0.000000s ]
INFO: [ app_init ] --END-- [ RunTime:0.001000s ]
INFO: [ app_begin ] --START--
INFO: Run Behavior\ReadHtmlCacheBehavior [ RunTime:0.002000s ]
INFO: [ app_begin ] --END-- [ RunTime:0.002000s ]
SQL: SHOW COLUMNS FROM `class` [ RunTime:0.0060s ]
SQL: SELECT * FROM `class`  [ RunTime:0.0010s ]
INFO: [ view_parse ] --START--
INFO: [ template_filter ] --START--
INFO: Run Behavior\ContentReplaceBehavior [ RunTime:0.000000s ]
INFO: [ template_filter ] --END-- [ RunTime:0.001000s ]
INFO: Run Behavior\ParseTemplateBehavior [ RunTime:0.021001s ]
INFO: [ view_parse ] --END-- [ RunTime:0.021001s ]
INFO: [ view_filter ] --START--
INFO: Run Behavior\WriteHtmlCacheBehavior [ RunTime:0.002000s ]
INFO: [ view_filter ] --END-- [ RunTime:0.002000s ]
INFO: [ app_end ] --START--
INFO: Run Behavior\ShowPageTraceBehavior [ RunTime:0.003001s ]
INFO: [ app_end ] --END-- [ RunTime:0.003001s ]

[ 2015-10-19T22:28:30+08:00 ] 127.0.0.1 /xuantiCms/student/add
INFO: [ app_init ] --START--
INFO: Run Behavior\BuildLiteBehavior [ RunTime:0.000000s ]
INFO: [ app_init ] --END-- [ RunTime:0.002000s ]
INFO: [ app_begin ] --START--
INFO: Run Behavior\ReadHtmlCacheBehavior [ RunTime:0.002000s ]
INFO: [ app_begin ] --END-- [ RunTime:0.002000s ]
SQL: SHOW COLUMNS FROM `student` [ RunTime:0.0060s ]
SQL: SHOW COLUMNS FROM `class` [ RunTime:0.0070s ]
SQL: SELECT `name` FROM `class` WHERE ( id=1 ) LIMIT 1   [ RunTime:0.0020s ]
SQL: INSERT INTO `student` (`name`,`class_id`,`password`,`tel`,`create_date`,`class_name`) VALUES ('','1','','','1445264910','科技1班') [ RunTime:0.0590s ]
SQL: UPDATE `student` SET `studentNumber`='2015101918' WHERE ( id=8 ) [ RunTime:0.0440s ]
INFO: [ view_parse ] --START--
INFO: [ template_filter ] --START--
INFO: Run Behavior\ContentReplaceBehavior [ RunTime:0.000000s ]
INFO: [ template_filter ] --END-- [ RunTime:0.001000s ]
INFO: Run Behavior\ParseTemplateBehavior [ RunTime:0.018001s ]
INFO: [ view_parse ] --END-- [ RunTime:0.019001s ]
INFO: [ view_filter ] --START--
INFO: Run Behavior\WriteHtmlCacheBehavior [ RunTime:0.001000s ]
INFO: [ view_filter ] --END-- [ RunTime:0.002000s ]
INFO: [ app_end ] --START--
INFO: Run Behavior\ShowPageTraceBehavior [ RunTime:0.002000s ]
INFO: [ app_end ] --END-- [ RunTime:0.002000s ]

[ 2015-10-19T22:28:31+08:00 ] 127.0.0.1 /xuantiCms/student/index/id/8
INFO: [ app_init ] --START--
INFO: Run Behavior\BuildLiteBehavior [ RunTime:0.000000s ]
INFO: [ app_init ] --END-- [ RunTime:0.002000s ]
INFO: [ app_begin ] --START--
INFO: Run Behavior\ReadHtmlCacheBehavior [ RunTime:0.002001s ]
INFO: [ app_begin ] --END-- [ RunTime:0.002001s ]
SQL: SHOW COLUMNS FROM `student` [ RunTime:0.0060s ]
SQL: SELECT * FROM `student` WHERE ( id=8 )  [ RunTime:0.0010s ]
INFO: [ view_parse ] --START--
INFO: [ template_filter ] --START--
INFO: Run Behavior\ContentReplaceBehavior [ RunTime:0.001000s ]
INFO: [ template_filter ] --END-- [ RunTime:0.001000s ]
INFO: Run Behavior\ParseTemplateBehavior [ RunTime:0.023002s ]
INFO: [ view_parse ] --END-- [ RunTime:0.023002s ]
INFO: [ view_filter ] --START--
INFO: Run Behavior\WriteHtmlCacheBehavior [ RunTime:0.002000s ]
INFO: [ view_filter ] --END-- [ RunTime:0.002000s ]
INFO: [ app_end ] --START--
INFO: Run Behavior\ShowPageTraceBehavior [ RunTime:0.001000s ]
INFO: [ app_end ] --END-- [ RunTime:0.002000s ]

[ 2015-10-19T22:28:37+08:00 ] 127.0.0.1 /xuantiCms/student/delete/id/8
INFO: [ app_init ] --START--
INFO: Run Behavior\BuildLiteBehavior [ RunTime:0.000000s ]
INFO: [ app_init ] --END-- [ RunTime:0.001000s ]
INFO: [ app_begin ] --START--
INFO: Run Behavior\ReadHtmlCacheBehavior [ RunTime:0.001000s ]
INFO: [ app_begin ] --END-- [ RunTime:0.002000s ]
SQL: SHOW COLUMNS FROM `student` [ RunTime:0.0060s ]
SQL: DELETE FROM `student` WHERE ( id=8 ) [ RunTime:0.0380s ]
INFO: [ view_parse ] --START--
INFO: [ template_filter ] --START--
INFO: Run Behavior\ContentReplaceBehavior [ RunTime:0.000000s ]
INFO: [ template_filter ] --END-- [ RunTime:0.001000s ]
INFO: Run Behavior\ParseTemplateBehavior [ RunTime:0.018001s ]
INFO: [ view_parse ] --END-- [ RunTime:0.018001s ]
INFO: [ view_filter ] --START--
INFO: Run Behavior\WriteHtmlCacheBehavior [ RunTime:0.001000s ]
INFO: [ view_filter ] --END-- [ RunTime:0.002000s ]
INFO: [ app_end ] --START--
INFO: Run Behavior\ShowPageTraceBehavior [ RunTime:0.002001s ]
INFO: [ app_end ] --END-- [ RunTime:0.002001s ]

[ 2015-10-19T22:28:38+08:00 ] 127.0.0.1 /xuantiCms/student/index
INFO: [ app_init ] --START--
INFO: Run Behavior\BuildLiteBehavior [ RunTime:0.000000s ]
INFO: [ app_init ] --END-- [ RunTime:0.001000s ]
INFO: [ app_begin ] --START--
INFO: Run Behavior\ReadHtmlCacheBehavior [ RunTime:0.002000s ]
INFO: [ app_begin ] --END-- [ RunTime:0.003000s ]
SQL: SHOW COLUMNS FROM `student` [ RunTime:0.0090s ]
NOTIC: [8] Undefined index: id E:\wamp\www\xuantiCms\Application\admin\Controller\StudentController.class.php 第 10 行.
SQL: SELECT * FROM `student`  [ RunTime:0.0010s ]
INFO: [ view_parse ] --START--
INFO: [ template_filter ] --START--
INFO: Run Behavior\ContentReplaceBehavior [ RunTime:0.001000s ]
INFO: [ template_filter ] --END-- [ RunTime:0.001000s ]
INFO: Run Behavior\ParseTemplateBehavior [ RunTime:0.024001s ]
INFO: [ view_parse ] --END-- [ RunTime:0.026001s ]
INFO: [ view_filter ] --START--
INFO: Run Behavior\WriteHtmlCacheBehavior [ RunTime:0.001000s ]
INFO: [ view_filter ] --END-- [ RunTime:0.001000s ]
INFO: [ app_end ] --START--
INFO: Run Behavior\ShowPageTraceBehavior [ RunTime:0.002000s ]
INFO: [ app_end ] --END-- [ RunTime:0.002000s ]

[ 2015-10-19T23:05:24+08:00 ] 127.0.0.1 /xuantiCms/student/index
INFO: [ app_init ] --START--
INFO: Run Behavior\BuildLiteBehavior [ RunTime:0.000000s ]
INFO: [ app_init ] --END-- [ RunTime:0.002001s ]
INFO: [ app_begin ] --START--
INFO: Run Behavior\ReadHtmlCacheBehavior [ RunTime:0.004000s ]
INFO: [ app_begin ] --END-- [ RunTime:0.004000s ]
SQL: SHOW COLUMNS FROM `student` [ RunTime:0.0080s ]
NOTIC: [8] Undefined index: name E:\wamp\www\xuantiCms\Application\admin\Controller\StudentController.class.php 第 12 行.
NOTIC: [8] Undefined index: number E:\wamp\www\xuantiCms\Application\admin\Controller\StudentController.class.php 第 13 行.
NOTIC: [8] Undefined index: class_id E:\wamp\www\xuantiCms\Application\admin\Controller\StudentController.class.php 第 14 行.
NOTIC: [8] Undefined index: name E:\wamp\www\xuantiCms\Application\admin\Controller\StudentController.class.php 第 16 行.
NOTIC: [8] Undefined index: number E:\wamp\www\xuantiCms\Application\admin\Controller\StudentController.class.php 第 17 行.
NOTIC: [8] Undefined index: class_id E:\wamp\www\xuantiCms\Application\admin\Controller\StudentController.class.php 第 18 行.
NOTIC: [8] Undefined index: id E:\wamp\www\xuantiCms\Application\admin\Controller\StudentController.class.php 第 19 行.
SQL: SELECT COUNT(*) AS tp_count FROM `student` LIMIT 1   [ RunTime:0.0760s ]

[ 2015-10-19T23:10:41+08:00 ] 127.0.0.1 /xuantiCms/admin.php/admin/admin
INFO: [ app_init ] --START--
INFO: Run Behavior\BuildLiteBehavior [ RunTime:0.000000s ]
INFO: [ app_init ] --END-- [ RunTime:0.002000s ]
INFO: [ app_begin ] --START--
INFO: Run Behavior\ReadHtmlCacheBehavior [ RunTime:0.004000s ]
INFO: [ app_begin ] --END-- [ RunTime:0.004000s ]
INFO: [ view_parse ] --START--
INFO: [ template_filter ] --START--
INFO: Run Behavior\ContentReplaceBehavior [ RunTime:0.000000s ]
INFO: [ template_filter ] --END-- [ RunTime:0.000000s ]
INFO: Run Behavior\ParseTemplateBehavior [ RunTime:0.093005s ]
INFO: [ view_parse ] --END-- [ RunTime:0.093005s ]
INFO: [ view_filter ] --START--
INFO: Run Behavior\WriteHtmlCacheBehavior [ RunTime:0.003000s ]
INFO: [ view_filter ] --END-- [ RunTime:0.003000s ]
INFO: [ app_end ] --START--
INFO: Run Behavior\ShowPageTraceBehavior [ RunTime:0.002000s ]
INFO: [ app_end ] --END-- [ RunTime:0.004001s ]

[ 2015-10-19T23:10:41+08:00 ] 127.0.0.1 /xuantiCms/admin.php/admin/left.html
INFO: [ app_init ] --START--
INFO: Run Behavior\BuildLiteBehavior [ RunTime:0.000000s ]
INFO: [ app_init ] --END-- [ RunTime:0.004000s ]
INFO: [ app_begin ] --START--
INFO: Run Behavior\ReadHtmlCacheBehavior [ RunTime:0.007000s ]
INFO: [ app_begin ] --END-- [ RunTime:0.008000s ]
INFO: [ view_parse ] --START--
INFO: [ template_filter ] --START--
INFO: Run Behavior\ContentReplaceBehavior [ RunTime:0.000000s ]
INFO: [ template_filter ] --END-- [ RunTime:0.000000s ]
INFO: Run Behavior\ParseTemplateBehavior [ RunTime:0.060003s ]
INFO: [ view_parse ] --END-- [ RunTime:0.060003s ]
INFO: [ view_filter ] --START--
INFO: Run Behavior\WriteHtmlCacheBehavior [ RunTime:0.002001s ]
INFO: [ view_filter ] --END-- [ RunTime:0.003001s ]
INFO: [ app_end ] --START--
INFO: Run Behavior\ShowPageTraceBehavior [ RunTime:0.003000s ]
INFO: [ app_end ] --END-- [ RunTime:0.003000s ]

[ 2015-10-19T23:10:41+08:00 ] 127.0.0.1 /xuantiCms/admin.php/admin/main.html
INFO: [ app_init ] --START--
INFO: Run Behavior\BuildLiteBehavior [ RunTime:0.000000s ]
INFO: [ app_init ] --END-- [ RunTime:0.003000s ]
INFO: [ app_begin ] --START--
INFO: Run Behavior\ReadHtmlCacheBehavior [ RunTime:0.004000s ]
INFO: [ app_begin ] --END-- [ RunTime:0.005000s ]
INFO: [ view_parse ] --START--
INFO: [ template_filter ] --START--
INFO: Run Behavior\ContentReplaceBehavior [ RunTime:0.000000s ]
INFO: [ template_filter ] --END-- [ RunTime:0.000000s ]
INFO: Run Behavior\ParseTemplateBehavior [ RunTime:0.076004s ]
INFO: [ view_parse ] --END-- [ RunTime:0.076004s ]
INFO: [ view_filter ] --START--
INFO: Run Behavior\WriteHtmlCacheBehavior [ RunTime:0.004000s ]
INFO: [ view_filter ] --END-- [ RunTime:0.004000s ]
INFO: [ app_end ] --START--
INFO: Run Behavior\ShowPageTraceBehavior [ RunTime:0.003000s ]
INFO: [ app_end ] --END-- [ RunTime:0.003000s ]

[ 2015-10-19T23:10:41+08:00 ] 127.0.0.1 /xuantiCms/admin.php/admin/top.html
INFO: [ app_init ] --START--
INFO: Run Behavior\BuildLiteBehavior [ RunTime:0.000000s ]
INFO: [ app_init ] --END-- [ RunTime:0.002001s ]
INFO: [ app_begin ] --START--
INFO: Run Behavior\ReadHtmlCacheBehavior [ RunTime:0.004000s ]
INFO: [ app_begin ] --END-- [ RunTime:0.005000s ]
INFO: [ view_parse ] --START--
INFO: [ template_filter ] --START--
INFO: Run Behavior\ContentReplaceBehavior [ RunTime:0.000000s ]
INFO: [ template_filter ] --END-- [ RunTime:0.000000s ]
INFO: Run Behavior\ParseTemplateBehavior [ RunTime:0.137007s ]
INFO: [ view_parse ] --END-- [ RunTime:0.137007s ]
INFO: [ view_filter ] --START--
INFO: Run Behavior\WriteHtmlCacheBehavior [ RunTime:0.004001s ]
INFO: [ view_filter ] --END-- [ RunTime:0.004001s ]
INFO: [ app_end ] --START--
INFO: Run Behavior\ShowPageTraceBehavior [ RunTime:0.005000s ]
INFO: [ app_end ] --END-- [ RunTime:0.006000s ]

[ 2015-10-19T23:10:43+08:00 ] 127.0.0.1 /xuantiCms/student/index
INFO: [ app_init ] --START--
INFO: Run Behavior\BuildLiteBehavior [ RunTime:0.000000s ]
INFO: [ app_init ] --END-- [ RunTime:0.002000s ]
INFO: [ app_begin ] --START--
INFO: Run Behavior\ReadHtmlCacheBehavior [ RunTime:0.003000s ]
INFO: [ app_begin ] --END-- [ RunTime:0.004000s ]
SQL: SHOW COLUMNS FROM `student` [ RunTime:0.0070s ]
NOTIC: [8] Undefined index: name E:\wamp\www\xuantiCms\Application\admin\Controller\StudentController.class.php 第 12 行.
NOTIC: [8] Undefined index: number E:\wamp\www\xuantiCms\Application\admin\Controller\StudentController.class.php 第 13 行.
NOTIC: [8] Undefined index: class_id E:\wamp\www\xuantiCms\Application\admin\Controller\StudentController.class.php 第 14 行.
NOTIC: [8] Undefined index: name E:\wamp\www\xuantiCms\Application\admin\Controller\StudentController.class.php 第 16 行.
NOTIC: [8] Undefined index: number E:\wamp\www\xuantiCms\Application\admin\Controller\StudentController.class.php 第 17 行.
NOTIC: [8] Undefined index: class_id E:\wamp\www\xuantiCms\Application\admin\Controller\StudentController.class.php 第 18 行.
NOTIC: [8] Undefined index: id E:\wamp\www\xuantiCms\Application\admin\Controller\StudentController.class.php 第 19 行.
SQL: SELECT COUNT(*) AS tp_count FROM `student` LIMIT 1   [ RunTime:0.0010s ]
SQL: SELECT * FROM `student` ORDER BY id LIMIT 0,3   [ RunTime:0.0000s ]
INFO: [ view_parse ] --START--
INFO: [ template_filter ] --START--
INFO: Run Behavior\ContentReplaceBehavior [ RunTime:0.000000s ]
INFO: [ template_filter ] --END-- [ RunTime:0.000000s ]
INFO: Run Behavior\ParseTemplateBehavior [ RunTime:0.029002s ]
INFO: [ view_parse ] --END-- [ RunTime:0.030002s ]
INFO: [ view_filter ] --START--
INFO: Run Behavior\WriteHtmlCacheBehavior [ RunTime:0.002000s ]
INFO: [ view_filter ] --END-- [ RunTime:0.002000s ]
INFO: [ app_end ] --START--
INFO: Run Behavior\ShowPageTraceBehavior [ RunTime:0.003000s ]
INFO: [ app_end ] --END-- [ RunTime:0.003000s ]

[ 2015-10-19T23:13:22+08:00 ] 127.0.0.1 /xuantiCms/student/index
INFO: [ app_init ] --START--
INFO: Run Behavior\BuildLiteBehavior [ RunTime:0.000000s ]
INFO: [ app_init ] --END-- [ RunTime:0.002000s ]
INFO: [ app_begin ] --START--
INFO: Run Behavior\ReadHtmlCacheBehavior [ RunTime:0.003000s ]
INFO: [ app_begin ] --END-- [ RunTime:0.003000s ]
SQL: SHOW COLUMNS FROM `student` [ RunTime:0.0060s ]
NOTIC: [8] Undefined index: name E:\wamp\www\xuantiCms\Application\admin\Controller\StudentController.class.php 第 12 行.
NOTIC: [8] Undefined index: number E:\wamp\www\xuantiCms\Application\admin\Controller\StudentController.class.php 第 13 行.
NOTIC: [8] Undefined index: class_id E:\wamp\www\xuantiCms\Application\admin\Controller\StudentController.class.php 第 14 行.
NOTIC: [8] Undefined index: name E:\wamp\www\xuantiCms\Application\admin\Controller\StudentController.class.php 第 16 行.
NOTIC: [8] Undefined index: number E:\wamp\www\xuantiCms\Application\admin\Controller\StudentController.class.php 第 17 行.
NOTIC: [8] Undefined index: class_id E:\wamp\www\xuantiCms\Application\admin\Controller\StudentController.class.php 第 18 行.
NOTIC: [8] Undefined index: id E:\wamp\www\xuantiCms\Application\admin\Controller\StudentController.class.php 第 19 行.
SQL: SELECT COUNT(*) AS tp_count FROM `student` LIMIT 1   [ RunTime:0.0010s ]
SQL: SELECT * FROM `student` ORDER BY id LIMIT 0,3   [ RunTime:0.0010s ]
INFO: [ view_parse ] --START--
INFO: [ template_filter ] --START--
INFO: Run Behavior\ContentReplaceBehavior [ RunTime:0.000000s ]
INFO: [ template_filter ] --END-- [ RunTime:0.000000s ]
INFO: Run Behavior\ParseTemplateBehavior [ RunTime:0.029001s ]
INFO: [ view_parse ] --END-- [ RunTime:0.029001s ]
INFO: [ view_filter ] --START--
INFO: Run Behavior\WriteHtmlCacheBehavior [ RunTime:0.002000s ]
INFO: [ view_filter ] --END-- [ RunTime:0.003000s ]
INFO: [ app_end ] --START--
INFO: Run Behavior\ShowPageTraceBehavior [ RunTime:0.003001s ]
INFO: [ app_end ] --END-- [ RunTime:0.003001s ]

[ 2015-10-19T23:13:27+08:00 ] 127.0.0.1 /xuantiCms/index.php/Student/index/p/2.html
INFO: [ app_init ] --START--
INFO: Run Behavior\BuildLiteBehavior [ RunTime:0.000000s ]
INFO: [ app_init ] --END-- [ RunTime:0.002000s ]
INFO: [ app_begin ] --START--
INFO: Run Behavior\ReadHtmlCacheBehavior [ RunTime:0.002001s ]
INFO: [ app_begin ] --END-- [ RunTime:0.002001s ]
SQL: SHOW COLUMNS FROM `student` [ RunTime:0.0060s ]
NOTIC: [8] Undefined index: name E:\wamp\www\xuantiCms\Application\admin\Controller\StudentController.class.php 第 12 行.
NOTIC: [8] Undefined index: number E:\wamp\www\xuantiCms\Application\admin\Controller\StudentController.class.php 第 13 行.
NOTIC: [8] Undefined index: class_id E:\wamp\www\xuantiCms\Application\admin\Controller\StudentController.class.php 第 14 行.
NOTIC: [8] Undefined index: name E:\wamp\www\xuantiCms\Application\admin\Controller\StudentController.class.php 第 16 行.
NOTIC: [8] Undefined index: number E:\wamp\www\xuantiCms\Application\admin\Controller\StudentController.class.php 第 17 行.
NOTIC: [8] Undefined index: class_id E:\wamp\www\xuantiCms\Application\admin\Controller\StudentController.class.php 第 18 行.
NOTIC: [8] Undefined index: id E:\wamp\www\xuantiCms\Application\admin\Controller\StudentController.class.php 第 19 行.
SQL: SELECT COUNT(*) AS tp_count FROM `student` LIMIT 1   [ RunTime:0.0010s ]
SQL: SELECT * FROM `student` ORDER BY id LIMIT 3,3   [ RunTime:0.0010s ]
INFO: [ view_parse ] --START--
INFO: [ template_filter ] --START--
INFO: Run Behavior\ContentReplaceBehavior [ RunTime:0.000000s ]
INFO: [ template_filter ] --END-- [ RunTime:0.000000s ]
INFO: Run Behavior\ParseTemplateBehavior [ RunTime:0.024001s ]
INFO: [ view_parse ] --END-- [ RunTime:0.024001s ]
INFO: [ view_filter ] --START--
INFO: Run Behavior\WriteHtmlCacheBehavior [ RunTime:0.001000s ]
INFO: [ view_filter ] --END-- [ RunTime:0.001000s ]
INFO: [ app_end ] --START--
INFO: Run Behavior\ShowPageTraceBehavior [ RunTime:0.002000s ]
INFO: [ app_end ] --END-- [ RunTime:0.002000s ]

[ 2015-10-19T23:13:30+08:00 ] 127.0.0.1 /xuantiCms/index.php/Student/index/p/1.html
INFO: [ app_init ] --START--
INFO: Run Behavior\BuildLiteBehavior [ RunTime:0.000000s ]
INFO: [ app_init ] --END-- [ RunTime:0.001000s ]
INFO: [ app_begin ] --START--
INFO: Run Behavior\ReadHtmlCacheBehavior [ RunTime:0.002000s ]
INFO: [ app_begin ] --END-- [ RunTime:0.002000s ]
SQL: SHOW COLUMNS FROM `student` [ RunTime:0.0060s ]
NOTIC: [8] Undefined index: name E:\wamp\www\xuantiCms\Application\admin\Controller\StudentController.class.php 第 12 行.
NOTIC: [8] Undefined index: number E:\wamp\www\xuantiCms\Application\admin\Controller\StudentController.class.php 第 13 行.
NOTIC: [8] Undefined index: class_id E:\wamp\www\xuantiCms\Application\admin\Controller\StudentController.class.php 第 14 行.
NOTIC: [8] Undefined index: name E:\wamp\www\xuantiCms\Application\admin\Controller\StudentController.class.php 第 16 行.
NOTIC: [8] Undefined index: number E:\wamp\www\xuantiCms\Application\admin\Controller\StudentController.class.php 第 17 行.
NOTIC: [8] Undefined index: class_id E:\wamp\www\xuantiCms\Application\admin\Controller\StudentController.class.php 第 18 行.
NOTIC: [8] Undefined index: id E:\wamp\www\xuantiCms\Application\admin\Controller\StudentController.class.php 第 19 行.
SQL: SELECT COUNT(*) AS tp_count FROM `student` LIMIT 1   [ RunTime:0.0010s ]
SQL: SELECT * FROM `student` ORDER BY id LIMIT 0,3   [ RunTime:0.0010s ]
INFO: [ view_parse ] --START--
INFO: [ template_filter ] --START--
INFO: Run Behavior\ContentReplaceBehavior [ RunTime:0.000000s ]
INFO: [ template_filter ] --END-- [ RunTime:0.000000s ]
INFO: Run Behavior\ParseTemplateBehavior [ RunTime:0.023001s ]
INFO: [ view_parse ] --END-- [ RunTime:0.023001s ]
INFO: [ view_filter ] --START--
INFO: Run Behavior\WriteHtmlCacheBehavior [ RunTime:0.001001s ]
INFO: [ view_filter ] --END-- [ RunTime:0.002001s ]
INFO: [ app_end ] --START--
INFO: Run Behavior\ShowPageTraceBehavior [ RunTime:0.002000s ]
INFO: [ app_end ] --END-- [ RunTime:0.002000s ]

[ 2015-10-19T23:13:59+08:00 ] 127.0.0.1 /xuantiCms/student/index
INFO: [ app_init ] --START--
INFO: Run Behavior\BuildLiteBehavior [ RunTime:0.000000s ]
INFO: [ app_init ] --END-- [ RunTime:0.002000s ]
INFO: [ app_begin ] --START--
INFO: Run Behavior\ReadHtmlCacheBehavior [ RunTime:0.002000s ]
INFO: [ app_begin ] --END-- [ RunTime:0.002000s ]
SQL: SHOW COLUMNS FROM `student` [ RunTime:0.0060s ]
NOTIC: [8] Undefined index: name E:\wamp\www\xuantiCms\Application\admin\Controller\StudentController.class.php 第 12 行.
NOTIC: [8] Undefined index: number E:\wamp\www\xuantiCms\Application\admin\Controller\StudentController.class.php 第 13 行.
NOTIC: [8] Undefined index: class_id E:\wamp\www\xuantiCms\Application\admin\Controller\StudentController.class.php 第 14 行.
NOTIC: [8] Undefined index: name E:\wamp\www\xuantiCms\Application\admin\Controller\StudentController.class.php 第 16 行.
NOTIC: [8] Undefined index: number E:\wamp\www\xuantiCms\Application\admin\Controller\StudentController.class.php 第 17 行.
NOTIC: [8] Undefined index: class_id E:\wamp\www\xuantiCms\Application\admin\Controller\StudentController.class.php 第 18 行.
NOTIC: [8] Undefined index: id E:\wamp\www\xuantiCms\Application\admin\Controller\StudentController.class.php 第 19 行.
SQL: SELECT COUNT(*) AS tp_count FROM `student` LIMIT 1   [ RunTime:0.0010s ]
SQL: SELECT * FROM `student` ORDER BY id LIMIT 0,3   [ RunTime:0.0000s ]
INFO: [ view_parse ] --START--
INFO: [ template_filter ] --START--
INFO: Run Behavior\ContentReplaceBehavior [ RunTime:0.000000s ]
INFO: [ template_filter ] --END-- [ RunTime:0.000000s ]
INFO: Run Behavior\ParseTemplateBehavior [ RunTime:0.023001s ]
INFO: [ view_parse ] --END-- [ RunTime:0.024001s ]
INFO: [ view_filter ] --START--
INFO: Run Behavior\WriteHtmlCacheBehavior [ RunTime:0.002000s ]
INFO: [ view_filter ] --END-- [ RunTime:0.002000s ]
INFO: [ app_end ] --START--
INFO: Run Behavior\ShowPageTraceBehavior [ RunTime:0.001000s ]
INFO: [ app_end ] --END-- [ RunTime:0.002000s ]

[ 2015-10-19T23:40:27+08:00 ] 127.0.0.1 /xuantiCms/student/index
INFO: [ app_init ] --START--
INFO: Run Behavior\BuildLiteBehavior [ RunTime:0.000000s ]
INFO: [ app_init ] --END-- [ RunTime:0.002000s ]
INFO: [ app_begin ] --START--
INFO: Run Behavior\ReadHtmlCacheBehavior [ RunTime:0.003000s ]
INFO: [ app_begin ] --END-- [ RunTime:0.003000s ]
SQL: SHOW COLUMNS FROM `student` [ RunTime:0.0080s ]
NOTIC: [8] Undefined index: name E:\wamp\www\xuantiCms\Application\admin\Controller\StudentController.class.php 第 12 行.
NOTIC: [8] Undefined index: number E:\wamp\www\xuantiCms\Application\admin\Controller\StudentController.class.php 第 13 行.
NOTIC: [8] Undefined index: class_id E:\wamp\www\xuantiCms\Application\admin\Controller\StudentController.class.php 第 14 行.
NOTIC: [8] Undefined index: name E:\wamp\www\xuantiCms\Application\admin\Controller\StudentController.class.php 第 16 行.
NOTIC: [8] Undefined index: number E:\wamp\www\xuantiCms\Application\admin\Controller\StudentController.class.php 第 17 行.
NOTIC: [8] Undefined index: class_id E:\wamp\www\xuantiCms\Application\admin\Controller\StudentController.class.php 第 18 行.
NOTIC: [8] Undefined index: id E:\wamp\www\xuantiCms\Application\admin\Controller\StudentController.class.php 第 19 行.
SQL: SELECT COUNT(*) AS tp_count FROM `student` LIMIT 1   [ RunTime:0.0010s ]
SQL: SELECT * FROM `student` ORDER BY id LIMIT 0,3   [ RunTime:0.0010s ]
INFO: [ view_parse ] --START--
INFO: [ template_filter ] --START--
INFO: Run Behavior\ContentReplaceBehavior [ RunTime:0.000000s ]
INFO: [ template_filter ] --END-- [ RunTime:0.000000s ]
INFO: Run Behavior\ParseTemplateBehavior [ RunTime:0.029002s ]
INFO: [ view_parse ] --END-- [ RunTime:0.029002s ]
INFO: [ view_filter ] --START--
INFO: Run Behavior\WriteHtmlCacheBehavior [ RunTime:0.002000s ]
INFO: [ view_filter ] --END-- [ RunTime:0.002000s ]
INFO: [ app_end ] --START--
INFO: Run Behavior\ShowPageTraceBehavior [ RunTime:0.002000s ]
INFO: [ app_end ] --END-- [ RunTime:0.002000s ]

[ 2015-10-19T23:49:08+08:00 ] 127.0.0.1 /xuantiCms/student/index
INFO: [ app_init ] --START--
INFO: Run Behavior\BuildLiteBehavior [ RunTime:0.000000s ]
INFO: [ app_init ] --END-- [ RunTime:0.002001s ]
INFO: [ app_begin ] --START--
INFO: Run Behavior\ReadHtmlCacheBehavior [ RunTime:0.003000s ]
INFO: [ app_begin ] --END-- [ RunTime:0.003000s ]
SQL: SHOW COLUMNS FROM `student` [ RunTime:0.0070s ]
NOTIC: [8] Undefined index: name E:\wamp\www\xuantiCms\Application\admin\Controller\StudentController.class.php 第 12 行.
NOTIC: [8] Undefined index: number E:\wamp\www\xuantiCms\Application\admin\Controller\StudentController.class.php 第 13 行.
NOTIC: [8] Undefined index: class_id E:\wamp\www\xuantiCms\Application\admin\Controller\StudentController.class.php 第 14 行.
NOTIC: [8] Undefined index: name E:\wamp\www\xuantiCms\Application\admin\Controller\StudentController.class.php 第 16 行.
NOTIC: [8] Undefined index: number E:\wamp\www\xuantiCms\Application\admin\Controller\StudentController.class.php 第 17 行.
NOTIC: [8] Undefined index: class_id E:\wamp\www\xuantiCms\Application\admin\Controller\StudentController.class.php 第 18 行.
NOTIC: [8] Undefined index: id E:\wamp\www\xuantiCms\Application\admin\Controller\StudentController.class.php 第 19 行.
SQL: SELECT COUNT(*) AS tp_count FROM `student` LIMIT 1   [ RunTime:0.0000s ]
SQL: SELECT * FROM `student` ORDER BY id LIMIT 0,3   [ RunTime:0.0000s ]
INFO: [ view_parse ] --START--
INFO: [ template_filter ] --START--
INFO: Run Behavior\ContentReplaceBehavior [ RunTime:0.000000s ]
INFO: [ template_filter ] --END-- [ RunTime:0.000000s ]
INFO: Run Behavior\ParseTemplateBehavior [ RunTime:0.027002s ]
INFO: [ view_parse ] --END-- [ RunTime:0.028002s ]
INFO: [ view_filter ] --START--
INFO: Run Behavior\WriteHtmlCacheBehavior [ RunTime:0.002000s ]
INFO: [ view_filter ] --END-- [ RunTime:0.002000s ]
INFO: [ app_end ] --START--
INFO: Run Behavior\ShowPageTraceBehavior [ RunTime:0.002000s ]
INFO: [ app_end ] --END-- [ RunTime:0.002000s ]

[ 2015-10-19T23:50:18+08:00 ] 127.0.0.1 /xuantiCms/student/index
INFO: [ app_init ] --START--
INFO: Run Behavior\BuildLiteBehavior [ RunTime:0.000000s ]
INFO: [ app_init ] --END-- [ RunTime:0.002000s ]
INFO: [ app_begin ] --START--
INFO: Run Behavior\ReadHtmlCacheBehavior [ RunTime:0.001000s ]
INFO: [ app_begin ] --END-- [ RunTime:0.002000s ]
SQL: SHOW COLUMNS FROM `student` [ RunTime:0.0060s ]
NOTIC: [8] Undefined index: name E:\wamp\www\xuantiCms\Application\admin\Controller\StudentController.class.php 第 12 行.
NOTIC: [8] Undefined index: number E:\wamp\www\xuantiCms\Application\admin\Controller\StudentController.class.php 第 13 行.
NOTIC: [8] Undefined index: class_id E:\wamp\www\xuantiCms\Application\admin\Controller\StudentController.class.php 第 14 行.
NOTIC: [8] Undefined index: name E:\wamp\www\xuantiCms\Application\admin\Controller\StudentController.class.php 第 16 行.
NOTIC: [8] Undefined index: number E:\wamp\www\xuantiCms\Application\admin\Controller\StudentController.class.php 第 17 行.
NOTIC: [8] Undefined index: class_id E:\wamp\www\xuantiCms\Application\admin\Controller\StudentController.class.php 第 18 行.
NOTIC: [8] Undefined index: id E:\wamp\www\xuantiCms\Application\admin\Controller\StudentController.class.php 第 19 行.
SQL: SELECT COUNT(*) AS tp_count FROM `student` LIMIT 1   [ RunTime:0.0010s ]
SQL: SELECT * FROM `student` ORDER BY id LIMIT 0,3   [ RunTime:0.0010s ]
INFO: [ view_parse ] --START--
INFO: [ template_filter ] --START--
INFO: Run Behavior\ContentReplaceBehavior [ RunTime:0.000000s ]
INFO: [ template_filter ] --END-- [ RunTime:0.001000s ]
INFO: Run Behavior\ParseTemplateBehavior [ RunTime:0.025001s ]
INFO: [ view_parse ] --END-- [ RunTime:0.025001s ]
INFO: [ view_filter ] --START--
INFO: Run Behavior\WriteHtmlCacheBehavior [ RunTime:0.001000s ]
INFO: [ view_filter ] --END-- [ RunTime:0.002000s ]
INFO: [ app_end ] --START--
INFO: Run Behavior\ShowPageTraceBehavior [ RunTime:0.002000s ]
INFO: [ app_end ] --END-- [ RunTime:0.002000s ]

[ 2015-10-19T23:50:25+08:00 ] 127.0.0.1 /xuantiCms/index.php/Student/index/p/2.html
INFO: [ app_init ] --START--
INFO: Run Behavior\BuildLiteBehavior [ RunTime:0.000000s ]
INFO: [ app_init ] --END-- [ RunTime:0.001000s ]
INFO: [ app_begin ] --START--
INFO: Run Behavior\ReadHtmlCacheBehavior [ RunTime:0.002000s ]
INFO: [ app_begin ] --END-- [ RunTime:0.003000s ]
SQL: SHOW COLUMNS FROM `student` [ RunTime:0.0060s ]
NOTIC: [8] Undefined index: name E:\wamp\www\xuantiCms\Application\admin\Controller\StudentController.class.php 第 12 行.
NOTIC: [8] Undefined index: number E:\wamp\www\xuantiCms\Application\admin\Controller\StudentController.class.php 第 13 行.
NOTIC: [8] Undefined index: class_id E:\wamp\www\xuantiCms\Application\admin\Controller\StudentController.class.php 第 14 行.
NOTIC: [8] Undefined index: name E:\wamp\www\xuantiCms\Application\admin\Controller\StudentController.class.php 第 16 行.
NOTIC: [8] Undefined index: number E:\wamp\www\xuantiCms\Application\admin\Controller\StudentController.class.php 第 17 行.
NOTIC: [8] Undefined index: class_id E:\wamp\www\xuantiCms\Application\admin\Controller\StudentController.class.php 第 18 行.
NOTIC: [8] Undefined index: id E:\wamp\www\xuantiCms\Application\admin\Controller\StudentController.class.php 第 19 行.
SQL: SELECT COUNT(*) AS tp_count FROM `student` LIMIT 1   [ RunTime:0.0020s ]
SQL: SELECT * FROM `student` ORDER BY id LIMIT 3,3   [ RunTime:0.0010s ]
INFO: [ view_parse ] --START--
INFO: [ template_filter ] --START--
INFO: Run Behavior\ContentReplaceBehavior [ RunTime:0.000000s ]
INFO: [ template_filter ] --END-- [ RunTime:0.001000s ]
INFO: Run Behavior\ParseTemplateBehavior [ RunTime:0.024001s ]
INFO: [ view_parse ] --END-- [ RunTime:0.024001s ]
INFO: [ view_filter ] --START--
INFO: Run Behavior\WriteHtmlCacheBehavior [ RunTime:0.002000s ]
INFO: [ view_filter ] --END-- [ RunTime:0.002000s ]
INFO: [ app_end ] --START--
INFO: Run Behavior\ShowPageTraceBehavior [ RunTime:0.002000s ]
INFO: [ app_end ] --END-- [ RunTime:0.002000s ]

[ 2015-10-19T23:51:19+08:00 ] 127.0.0.1 /xuantiCms/student/index
INFO: [ app_init ] --START--
INFO: Run Behavior\BuildLiteBehavior [ RunTime:0.000000s ]
INFO: [ app_init ] --END-- [ RunTime:0.002000s ]
INFO: [ app_begin ] --START--
INFO: Run Behavior\ReadHtmlCacheBehavior [ RunTime:0.003000s ]
INFO: [ app_begin ] --END-- [ RunTime:0.003000s ]
SQL: SHOW COLUMNS FROM `student` [ RunTime:0.0070s ]
NOTIC: [8] Undefined index: name E:\wamp\www\xuantiCms\Application\admin\Controller\StudentController.class.php 第 12 行.
NOTIC: [8] Undefined index: number E:\wamp\www\xuantiCms\Application\admin\Controller\StudentController.class.php 第 13 行.
NOTIC: [8] Undefined index: class_id E:\wamp\www\xuantiCms\Application\admin\Controller\StudentController.class.php 第 14 行.
NOTIC: [8] Undefined index: name E:\wamp\www\xuantiCms\Application\admin\Controller\StudentController.class.php 第 16 行.
NOTIC: [8] Undefined index: number E:\wamp\www\xuantiCms\Application\admin\Controller\StudentController.class.php 第 17 行.
NOTIC: [8] Undefined index: class_id E:\wamp\www\xuantiCms\Application\admin\Controller\StudentController.class.php 第 18 行.
NOTIC: [8] Undefined index: id E:\wamp\www\xuantiCms\Application\admin\Controller\StudentController.class.php 第 19 行.
SQL: SELECT COUNT(*) AS tp_count FROM `student` LIMIT 1   [ RunTime:0.0000s ]
SQL: SELECT * FROM `student` ORDER BY id LIMIT 0,3   [ RunTime:0.0000s ]
INFO: [ view_parse ] --START--
INFO: [ template_filter ] --START--
INFO: Run Behavior\ContentReplaceBehavior [ RunTime:0.000000s ]
INFO: [ template_filter ] --END-- [ RunTime:0.000000s ]
INFO: Run Behavior\ParseTemplateBehavior [ RunTime:0.027001s ]
INFO: [ view_parse ] --END-- [ RunTime:0.027001s ]
INFO: [ view_filter ] --START--
INFO: Run Behavior\WriteHtmlCacheBehavior [ RunTime:0.002001s ]
INFO: [ view_filter ] --END-- [ RunTime:0.002001s ]
INFO: [ app_end ] --START--
INFO: Run Behavior\ShowPageTraceBehavior [ RunTime:0.002000s ]
INFO: [ app_end ] --END-- [ RunTime:0.003000s ]

[ 2015-10-19T23:51:31+08:00 ] 127.0.0.1 /xuantiCms/student/index
INFO: [ app_init ] --START--
INFO: Run Behavior\BuildLiteBehavior [ RunTime:0.000000s ]
INFO: [ app_init ] --END-- [ RunTime:0.002000s ]
INFO: [ app_begin ] --START--
INFO: Run Behavior\ReadHtmlCacheBehavior [ RunTime:0.002001s ]
INFO: [ app_begin ] --END-- [ RunTime:0.002001s ]
SQL: SHOW COLUMNS FROM `student` [ RunTime:0.0070s ]
NOTIC: [8] Undefined index: name E:\wamp\www\xuantiCms\Application\admin\Controller\StudentController.class.php 第 12 行.
NOTIC: [8] Undefined index: number E:\wamp\www\xuantiCms\Application\admin\Controller\StudentController.class.php 第 13 行.
NOTIC: [8] Undefined index: class_id E:\wamp\www\xuantiCms\Application\admin\Controller\StudentController.class.php 第 14 行.
NOTIC: [8] Undefined index: name E:\wamp\www\xuantiCms\Application\admin\Controller\StudentController.class.php 第 16 行.
NOTIC: [8] Undefined index: number E:\wamp\www\xuantiCms\Application\admin\Controller\StudentController.class.php 第 17 行.
NOTIC: [8] Undefined index: class_id E:\wamp\www\xuantiCms\Application\admin\Controller\StudentController.class.php 第 18 行.
NOTIC: [8] Undefined index: id E:\wamp\www\xuantiCms\Application\admin\Controller\StudentController.class.php 第 19 行.
SQL: SELECT COUNT(*) AS tp_count FROM `student` LIMIT 1   [ RunTime:0.0000s ]
SQL: SELECT * FROM `student` ORDER BY id LIMIT 0,3   [ RunTime:0.0000s ]
INFO: [ view_parse ] --START--
INFO: [ template_filter ] --START--
INFO: Run Behavior\ContentReplaceBehavior [ RunTime:0.000000s ]
INFO: [ template_filter ] --END-- [ RunTime:0.000000s ]
INFO: Run Behavior\ParseTemplateBehavior [ RunTime:0.024002s ]
INFO: [ view_parse ] --END-- [ RunTime:0.024002s ]
INFO: [ view_filter ] --START--
INFO: Run Behavior\WriteHtmlCacheBehavior [ RunTime:0.001000s ]
INFO: [ view_filter ] --END-- [ RunTime:0.002000s ]
INFO: [ app_end ] --START--
INFO: Run Behavior\ShowPageTraceBehavior [ RunTime:0.002000s ]
INFO: [ app_end ] --END-- [ RunTime:0.002000s ]

[ 2015-10-19T23:51:53+08:00 ] 127.0.0.1 /xuantiCms/student/index
INFO: [ app_init ] --START--
INFO: Run Behavior\BuildLiteBehavior [ RunTime:0.000000s ]
INFO: [ app_init ] --END-- [ RunTime:0.002000s ]
INFO: [ app_begin ] --START--
INFO: Run Behavior\ReadHtmlCacheBehavior [ RunTime:0.002000s ]
INFO: [ app_begin ] --END-- [ RunTime:0.002000s ]
SQL: SHOW COLUMNS FROM `student` [ RunTime:0.0060s ]
NOTIC: [8] Undefined index: name E:\wamp\www\xuantiCms\Application\admin\Controller\StudentController.class.php 第 12 行.
NOTIC: [8] Undefined index: number E:\wamp\www\xuantiCms\Application\admin\Controller\StudentController.class.php 第 13 行.
NOTIC: [8] Undefined index: class_id E:\wamp\www\xuantiCms\Application\admin\Controller\StudentController.class.php 第 14 行.
NOTIC: [8] Undefined index: name E:\wamp\www\xuantiCms\Application\admin\Controller\StudentController.class.php 第 16 行.
NOTIC: [8] Undefined index: number E:\wamp\www\xuantiCms\Application\admin\Controller\StudentController.class.php 第 17 行.
NOTIC: [8] Undefined index: class_id E:\wamp\www\xuantiCms\Application\admin\Controller\StudentController.class.php 第 18 行.
NOTIC: [8] Undefined index: id E:\wamp\www\xuantiCms\Application\admin\Controller\StudentController.class.php 第 19 行.
SQL: SELECT COUNT(*) AS tp_count FROM `student` LIMIT 1   [ RunTime:0.0010s ]
SQL: SELECT * FROM `student` ORDER BY id LIMIT 0,3   [ RunTime:0.0000s ]
INFO: [ view_parse ] --START--
INFO: [ template_filter ] --START--
INFO: Run Behavior\ContentReplaceBehavior [ RunTime:0.000000s ]
INFO: [ template_filter ] --END-- [ RunTime:0.000000s ]
INFO: Run Behavior\ParseTemplateBehavior [ RunTime:0.023001s ]
INFO: [ view_parse ] --END-- [ RunTime:0.023001s ]
INFO: [ view_filter ] --START--
INFO: Run Behavior\WriteHtmlCacheBehavior [ RunTime:0.001000s ]
INFO: [ view_filter ] --END-- [ RunTime:0.002001s ]
INFO: [ app_end ] --START--
INFO: Run Behavior\ShowPageTraceBehavior [ RunTime:0.002000s ]
INFO: [ app_end ] --END-- [ RunTime:0.002000s ]

[ 2015-10-19T23:52:04+08:00 ] 127.0.0.1 /xuantiCms/student/index
INFO: [ app_init ] --START--
INFO: Run Behavior\BuildLiteBehavior [ RunTime:0.000000s ]
INFO: [ app_init ] --END-- [ RunTime:0.002000s ]
INFO: [ app_begin ] --START--
INFO: Run Behavior\ReadHtmlCacheBehavior [ RunTime:0.002000s ]
INFO: [ app_begin ] --END-- [ RunTime:0.003000s ]
SQL: SHOW COLUMNS FROM `student` [ RunTime:0.0060s ]
NOTIC: [8] Undefined index: name E:\wamp\www\xuantiCms\Application\admin\Controller\StudentController.class.php 第 12 行.
NOTIC: [8] Undefined index: number E:\wamp\www\xuantiCms\Application\admin\Controller\StudentController.class.php 第 13 行.
NOTIC: [8] Undefined index: class_id E:\wamp\www\xuantiCms\Application\admin\Controller\StudentController.class.php 第 14 行.
NOTIC: [8] Undefined index: name E:\wamp\www\xuantiCms\Application\admin\Controller\StudentController.class.php 第 16 行.
NOTIC: [8] Undefined index: number E:\wamp\www\xuantiCms\Application\admin\Controller\StudentController.class.php 第 17 行.
NOTIC: [8] Undefined index: class_id E:\wamp\www\xuantiCms\Application\admin\Controller\StudentController.class.php 第 18 行.
NOTIC: [8] Undefined index: id E:\wamp\www\xuantiCms\Application\admin\Controller\StudentController.class.php 第 19 行.
SQL: SELECT COUNT(*) AS tp_count FROM `student` LIMIT 1   [ RunTime:0.0000s ]
SQL: SELECT * FROM `student` ORDER BY id LIMIT 0,3   [ RunTime:0.0000s ]
INFO: [ view_parse ] --START--
INFO: [ template_filter ] --START--
INFO: Run Behavior\ContentReplaceBehavior [ RunTime:0.000000s ]
INFO: [ template_filter ] --END-- [ RunTime:0.000000s ]
INFO: Run Behavior\ParseTemplateBehavior [ RunTime:0.023002s ]
INFO: [ view_parse ] --END-- [ RunTime:0.023002s ]
INFO: [ view_filter ] --START--
INFO: Run Behavior\WriteHtmlCacheBehavior [ RunTime:0.001000s ]
INFO: [ view_filter ] --END-- [ RunTime:0.002000s ]
INFO: [ app_end ] --START--
INFO: Run Behavior\ShowPageTraceBehavior [ RunTime:0.001000s ]
INFO: [ app_end ] --END-- [ RunTime:0.001000s ]

[ 2015-10-19T23:52:17+08:00 ] 127.0.0.1 /xuantiCms/index.php/Student/index/p/2.html
INFO: [ app_init ] --START--
INFO: Run Behavior\BuildLiteBehavior [ RunTime:0.000000s ]
INFO: [ app_init ] --END-- [ RunTime:0.002000s ]
INFO: [ app_begin ] --START--
INFO: Run Behavior\ReadHtmlCacheBehavior [ RunTime:0.002001s ]
INFO: [ app_begin ] --END-- [ RunTime:0.002001s ]
SQL: SHOW COLUMNS FROM `student` [ RunTime:0.0060s ]
NOTIC: [8] Undefined index: name E:\wamp\www\xuantiCms\Application\admin\Controller\StudentController.class.php 第 12 行.
NOTIC: [8] Undefined index: number E:\wamp\www\xuantiCms\Application\admin\Controller\StudentController.class.php 第 13 行.
NOTIC: [8] Undefined index: class_id E:\wamp\www\xuantiCms\Application\admin\Controller\StudentController.class.php 第 14 行.
NOTIC: [8] Undefined index: name E:\wamp\www\xuantiCms\Application\admin\Controller\StudentController.class.php 第 16 行.
NOTIC: [8] Undefined index: number E:\wamp\www\xuantiCms\Application\admin\Controller\StudentController.class.php 第 17 行.
NOTIC: [8] Undefined index: class_id E:\wamp\www\xuantiCms\Application\admin\Controller\StudentController.class.php 第 18 行.
NOTIC: [8] Undefined index: id E:\wamp\www\xuantiCms\Application\admin\Controller\StudentController.class.php 第 19 行.
SQL: SELECT COUNT(*) AS tp_count FROM `student` LIMIT 1   [ RunTime:0.0000s ]
SQL: SELECT * FROM `student` ORDER BY id LIMIT 3,3   [ RunTime:0.0000s ]
INFO: [ view_parse ] --START--
INFO: [ template_filter ] --START--
INFO: Run Behavior\ContentReplaceBehavior [ RunTime:0.000000s ]
INFO: [ template_filter ] --END-- [ RunTime:0.000000s ]
INFO: Run Behavior\ParseTemplateBehavior [ RunTime:0.023001s ]
INFO: [ view_parse ] --END-- [ RunTime:0.024001s ]
INFO: [ view_filter ] --START--
INFO: Run Behavior\WriteHtmlCacheBehavior [ RunTime:0.001000s ]
INFO: [ view_filter ] --END-- [ RunTime:0.002000s ]
INFO: [ app_end ] --START--
INFO: Run Behavior\ShowPageTraceBehavior [ RunTime:0.002000s ]
INFO: [ app_end ] --END-- [ RunTime:0.002000s ]

[ 2015-10-19T23:58:38+08:00 ] 127.0.0.1 /xuantiCms/student/index
INFO: [ app_init ] --START--
INFO: Run Behavior\BuildLiteBehavior [ RunTime:0.001000s ]
INFO: [ app_init ] --END-- [ RunTime:0.002000s ]
INFO: [ app_begin ] --START--
INFO: Run Behavior\ReadHtmlCacheBehavior [ RunTime:0.003000s ]
INFO: [ app_begin ] --END-- [ RunTime:0.003000s ]
SQL: SHOW COLUMNS FROM `student` [ RunTime:0.0100s ]
SQL: SHOW COLUMNS FROM `class` [ RunTime:0.0090s ]
SQL: SELECT * FROM `class`  [ RunTime:0.0010s ]
NOTIC: [8] Undefined index: name E:\wamp\www\xuantiCms\Application\admin\Controller\StudentController.class.php 第 13 行.
NOTIC: [8] Undefined index: number E:\wamp\www\xuantiCms\Application\admin\Controller\StudentController.class.php 第 14 行.
NOTIC: [8] Undefined index: class_id E:\wamp\www\xuantiCms\Application\admin\Controller\StudentController.class.php 第 15 行.
NOTIC: [8] Undefined index: name E:\wamp\www\xuantiCms\Application\admin\Controller\StudentController.class.php 第 17 行.
NOTIC: [8] Undefined index: number E:\wamp\www\xuantiCms\Application\admin\Controller\StudentController.class.php 第 18 行.
NOTIC: [8] Undefined index: class_id E:\wamp\www\xuantiCms\Application\admin\Controller\StudentController.class.php 第 19 行.
NOTIC: [8] Undefined index: id E:\wamp\www\xuantiCms\Application\admin\Controller\StudentController.class.php 第 20 行.
SQL: SELECT COUNT(*) AS tp_count FROM `student` LIMIT 1   [ RunTime:0.0000s ]
SQL: SELECT * FROM `student` ORDER BY id LIMIT 0,3   [ RunTime:0.0000s ]
INFO: [ view_parse ] --START--
INFO: [ template_filter ] --START--
INFO: Run Behavior\ContentReplaceBehavior [ RunTime:0.000000s ]
INFO: [ template_filter ] --END-- [ RunTime:0.001001s ]
INFO: Run Behavior\ParseTemplateBehavior [ RunTime:0.030002s ]
INFO: [ view_parse ] --END-- [ RunTime:0.031002s ]
INFO: [ view_filter ] --START--
INFO: Run Behavior\WriteHtmlCacheBehavior [ RunTime:0.003000s ]
INFO: [ view_filter ] --END-- [ RunTime:0.003000s ]
INFO: [ app_end ] --START--
INFO: Run Behavior\ShowPageTraceBehavior [ RunTime:0.003000s ]
INFO: [ app_end ] --END-- [ RunTime:0.003000s ]

[ 2015-10-19T23:58:49+08:00 ] 127.0.0.1 /xuantiCms/class/index
INFO: [ app_init ] --START--
INFO: Run Behavior\BuildLiteBehavior [ RunTime:0.000000s ]
INFO: [ app_init ] --END-- [ RunTime:0.001000s ]
INFO: [ app_begin ] --START--
INFO: Run Behavior\ReadHtmlCacheBehavior [ RunTime:0.002000s ]
INFO: [ app_begin ] --END-- [ RunTime:0.002000s ]
SQL: SHOW COLUMNS FROM `class` [ RunTime:0.0070s ]
NOTIC: [8] Undefined index: id E:\wamp\www\xuantiCms\Application\admin\Controller\ClassController.class.php 第 10 行.
SQL: SELECT * FROM `class`  [ RunTime:0.0010s ]
INFO: [ view_parse ] --START--
INFO: [ template_filter ] --START--
INFO: Run Behavior\ContentReplaceBehavior [ RunTime:0.001001s ]
INFO: [ template_filter ] --END-- [ RunTime:0.001001s ]
INFO: Run Behavior\ParseTemplateBehavior [ RunTime:0.055003s ]
INFO: [ view_parse ] --END-- [ RunTime:0.056003s ]
INFO: [ view_filter ] --START--
INFO: Run Behavior\WriteHtmlCacheBehavior [ RunTime:0.001000s ]
INFO: [ view_filter ] --END-- [ RunTime:0.001000s ]
INFO: [ app_end ] --START--
INFO: Run Behavior\ShowPageTraceBehavior [ RunTime:0.002000s ]
INFO: [ app_end ] --END-- [ RunTime:0.002000s ]

[ 2015-10-19T23:59:10+08:00 ] 127.0.0.1 /xuantiCms/student/index
INFO: [ app_init ] --START--
INFO: Run Behavior\BuildLiteBehavior [ RunTime:0.000000s ]
INFO: [ app_init ] --END-- [ RunTime:0.002000s ]
INFO: [ app_begin ] --START--
INFO: Run Behavior\ReadHtmlCacheBehavior [ RunTime:0.002000s ]
INFO: [ app_begin ] --END-- [ RunTime:0.002000s ]
SQL: SHOW COLUMNS FROM `student` [ RunTime:0.0070s ]
SQL: SHOW COLUMNS FROM `class` [ RunTime:0.0080s ]
SQL: SELECT * FROM `class`  [ RunTime:0.0020s ]
NOTIC: [8] Undefined index: name E:\wamp\www\xuantiCms\Application\admin\Controller\StudentController.class.php 第 13 行.
NOTIC: [8] Undefined index: number E:\wamp\www\xuantiCms\Application\admin\Controller\StudentController.class.php 第 14 行.
NOTIC: [8] Undefined index: class_id E:\wamp\www\xuantiCms\Application\admin\Controller\StudentController.class.php 第 15 行.
NOTIC: [8] Undefined index: name E:\wamp\www\xuantiCms\Application\admin\Controller\StudentController.class.php 第 17 行.
NOTIC: [8] Undefined index: number E:\wamp\www\xuantiCms\Application\admin\Controller\StudentController.class.php 第 18 行.
NOTIC: [8] Undefined index: class_id E:\wamp\www\xuantiCms\Application\admin\Controller\StudentController.class.php 第 19 行.
NOTIC: [8] Undefined index: id E:\wamp\www\xuantiCms\Application\admin\Controller\StudentController.class.php 第 20 行.
SQL: SELECT COUNT(*) AS tp_count FROM `student` LIMIT 1   [ RunTime:0.0010s ]
SQL: SELECT * FROM `student` ORDER BY id LIMIT 0,3   [ RunTime:0.0010s ]
INFO: [ view_parse ] --START--
INFO: [ template_filter ] --START--
INFO: Run Behavior\ContentReplaceBehavior [ RunTime:0.000000s ]
INFO: [ template_filter ] --END-- [ RunTime:0.000000s ]
INFO: Run Behavior\ParseTemplateBehavior [ RunTime:0.030002s ]
INFO: [ view_parse ] --END-- [ RunTime:0.030002s ]
INFO: [ view_filter ] --START--
INFO: Run Behavior\WriteHtmlCacheBehavior [ RunTime:0.002000s ]
INFO: [ view_filter ] --END-- [ RunTime:0.002000s ]
INFO: [ app_end ] --START--
INFO: Run Behavior\ShowPageTraceBehavior [ RunTime:0.002000s ]
INFO: [ app_end ] --END-- [ RunTime:0.003000s ]

[ 2015-10-19T23:59:14+08:00 ] 127.0.0.1 /xuantiCms/class/index
INFO: [ app_init ] --START--
INFO: Run Behavior\BuildLiteBehavior [ RunTime:0.000000s ]
INFO: [ app_init ] --END-- [ RunTime:0.001001s ]
INFO: [ app_begin ] --START--
INFO: Run Behavior\ReadHtmlCacheBehavior [ RunTime:0.002000s ]
INFO: [ app_begin ] --END-- [ RunTime:0.002000s ]
SQL: SHOW COLUMNS FROM `class` [ RunTime:0.0060s ]
NOTIC: [8] Undefined index: id E:\wamp\www\xuantiCms\Application\admin\Controller\ClassController.class.php 第 10 行.
SQL: SELECT * FROM `class`  [ RunTime:0.0010s ]
INFO: [ view_parse ] --START--
INFO: [ template_filter ] --START--
INFO: Run Behavior\ContentReplaceBehavior [ RunTime:0.000000s ]
INFO: [ template_filter ] --END-- [ RunTime:0.000000s ]
INFO: Run Behavior\ParseTemplateBehavior [ RunTime:0.022001s ]
INFO: [ view_parse ] --END-- [ RunTime:0.022001s ]
INFO: [ view_filter ] --START--
INFO: Run Behavior\WriteHtmlCacheBehavior [ RunTime:0.001000s ]
INFO: [ view_filter ] --END-- [ RunTime:0.002000s ]
INFO: [ app_end ] --START--
INFO: Run Behavior\ShowPageTraceBehavior [ RunTime:0.001000s ]
INFO: [ app_end ] --END-- [ RunTime:0.002000s ]

[ 2015-10-19T23:59:34+08:00 ] 127.0.0.1 /xuantiCms/student/index
INFO: [ app_init ] --START--
INFO: Run Behavior\BuildLiteBehavior [ RunTime:0.001000s ]
INFO: [ app_init ] --END-- [ RunTime:0.002000s ]
INFO: [ app_begin ] --START--
INFO: Run Behavior\ReadHtmlCacheBehavior [ RunTime:0.001000s ]
INFO: [ app_begin ] --END-- [ RunTime:0.002000s ]
SQL: SHOW COLUMNS FROM `student` [ RunTime:0.0060s ]
SQL: SHOW COLUMNS FROM `class` [ RunTime:0.0070s ]
SQL: SELECT * FROM `class`  [ RunTime:0.0010s ]
NOTIC: [8] Undefined index: name E:\wamp\www\xuantiCms\Application\admin\Controller\StudentController.class.php 第 13 行.
NOTIC: [8] Undefined index: number E:\wamp\www\xuantiCms\Application\admin\Controller\StudentController.class.php 第 14 行.
NOTIC: [8] Undefined index: class_id E:\wamp\www\xuantiCms\Application\admin\Controller\StudentController.class.php 第 15 行.
NOTIC: [8] Undefined index: name E:\wamp\www\xuantiCms\Application\admin\Controller\StudentController.class.php 第 17 行.
NOTIC: [8] Undefined index: number E:\wamp\www\xuantiCms\Application\admin\Controller\StudentController.class.php 第 18 行.
NOTIC: [8] Undefined index: class_id E:\wamp\www\xuantiCms\Application\admin\Controller\StudentController.class.php 第 19 行.
NOTIC: [8] Undefined index: id E:\wamp\www\xuantiCms\Application\admin\Controller\StudentController.class.php 第 20 行.
SQL: SELECT COUNT(*) AS tp_count FROM `student` LIMIT 1   [ RunTime:0.0000s ]
SQL: SELECT * FROM `student` ORDER BY id LIMIT 0,3   [ RunTime:0.0000s ]
INFO: [ view_parse ] --START--
INFO: [ template_filter ] --START--
INFO: Run Behavior\ContentReplaceBehavior [ RunTime:0.000000s ]
INFO: [ template_filter ] --END-- [ RunTime:0.001000s ]
INFO: Run Behavior\ParseTemplateBehavior [ RunTime:0.026002s ]
INFO: [ view_parse ] --END-- [ RunTime:0.027002s ]
INFO: [ view_filter ] --START--
INFO: Run Behavior\WriteHtmlCacheBehavior [ RunTime:0.001000s ]
INFO: [ view_filter ] --END-- [ RunTime:0.001000s ]
INFO: [ app_end ] --START--
INFO: Run Behavior\ShowPageTraceBehavior [ RunTime:0.001000s ]
INFO: [ app_end ] --END-- [ RunTime:0.002000s ]

